2025-08-16 22:33:52,456 | INFO | Model built. kernel_spec from model: ['K5', 'P2', 'K5', 'P2']
2025-08-16 22:36:54,042 | INFO | Model built. kernel_spec from model: ['K5', 'P2', 'K5', 'P2']
2025-08-16 22:42:47,083 | INFO | Model built. kernel_spec from model: ['K5', 'P2', 'K5', 'P2']
2025-08-16 22:53:03,728 | INFO | Model built. kernel_spec from model: ['K5', 'P2', 'K5', 'P2']
2025-08-16 22:55:24,676 | INFO | [epoch 1 it 50/1418]loss 85.9484 | imgs/s 1.4 | lr 0.000100
2025-08-16 22:57:14,687 | INFO | [epoch 1 it 100/1418]loss 80.1266 | imgs/s 1.6 | lr 0.000100
2025-08-16 22:59:11,864 | INFO | [epoch 1 it 150/1418]loss 58.7758 | imgs/s 1.6 | lr 0.000100
2025-08-16 23:01:07,106 | INFO | [epoch 1 it 200/1418]loss 47.0194 | imgs/s 1.7 | lr 0.000100
2025-08-16 23:03:08,503 | INFO | [epoch 1 it 250/1418]loss 79.0802 | imgs/s 1.7 | lr 0.000100
2025-08-16 23:04:56,019 | INFO | [epoch 1 it 300/1418]loss 51.5063 | imgs/s 1.7 | lr 0.000100
2025-08-16 23:06:55,667 | INFO | [epoch 1 it 350/1418]loss 55.6673 | imgs/s 1.7 | lr 0.000100
2025-08-16 23:08:55,554 | INFO | [epoch 1 it 400/1418]loss 60.9789 | imgs/s 1.7 | lr 0.000100
2025-08-16 23:10:47,672 | INFO | [epoch 1 it 450/1418]loss 67.0237 | imgs/s 1.7 | lr 0.000100
2025-08-16 23:12:38,947 | INFO | [epoch 1 it 500/1418]loss 43.0594 | imgs/s 1.7 | lr 0.000100
2025-08-16 23:14:37,121 | INFO | [epoch 1 it 550/1418]loss 50.8344 | imgs/s 1.7 | lr 0.000100
2025-08-16 23:16:31,954 | INFO | [epoch 1 it 600/1418]loss 53.8809 | imgs/s 1.7 | lr 0.000100
2025-08-16 23:18:24,957 | INFO | [epoch 1 it 650/1418]loss 62.0696 | imgs/s 1.7 | lr 0.000100
2025-08-16 23:20:17,202 | INFO | [epoch 1 it 700/1418]loss 50.0837 | imgs/s 1.7 | lr 0.000100
2025-08-16 23:22:14,739 | INFO | [epoch 1 it 750/1418]loss 52.5199 | imgs/s 1.7 | lr 0.000100
2025-08-16 23:24:13,500 | INFO | [epoch 1 it 800/1418]loss 48.0627 | imgs/s 1.7 | lr 0.000100
2025-08-16 23:26:21,129 | INFO | [epoch 1 it 850/1418]loss 44.5190 | imgs/s 1.7 | lr 0.000100
2025-08-16 23:28:28,879 | INFO | [epoch 1 it 900/1418]loss 64.4044 | imgs/s 1.7 | lr 0.000100
2025-08-16 23:30:33,020 | INFO | [epoch 1 it 950/1418]loss 56.2268 | imgs/s 1.7 | lr 0.000100
2025-08-16 23:32:21,374 | INFO | [epoch 1 it 1000/1418]loss 81.7097 | imgs/s 1.7 | lr 0.000100
2025-08-16 23:34:20,413 | INFO | [epoch 1 it 1050/1418]loss 48.2600 | imgs/s 1.7 | lr 0.000100
2025-08-16 23:36:12,359 | INFO | [epoch 1 it 1100/1418]loss 77.4425 | imgs/s 1.7 | lr 0.000100
2025-08-16 23:38:11,885 | INFO | [epoch 1 it 1150/1418]loss 79.1615 | imgs/s 1.7 | lr 0.000100
2025-08-16 23:40:11,767 | INFO | [epoch 1 it 1200/1418]loss 47.8045 | imgs/s 1.7 | lr 0.000100
2025-08-16 23:42:09,644 | INFO | [epoch 1 it 1250/1418]loss 60.2027 | imgs/s 1.7 | lr 0.000100
2025-08-16 23:44:05,116 | INFO | [epoch 1 it 1300/1418]loss 44.2576 | imgs/s 1.7 | lr 0.000100
2025-08-16 23:45:59,399 | INFO | [epoch 1 it 1350/1418]loss 46.6171 | imgs/s 1.7 | lr 0.000100
2025-08-16 23:47:55,599 | INFO | [epoch 1 it 1400/1418]loss 60.6510 | imgs/s 1.7 | lr 0.000100
2025-08-16 23:48:40,001 | INFO | [EPOCH 1] train_avg_loss=60.9314 seen 5671/5671
2025-08-16 23:48:50,394 | INFO | saved checkpoint: last.pt
2025-08-16 23:48:50,395 | INFO | Training complete. Final model saved to 'last.pth'.
2025-08-16 23:51:05,446 | INFO | Model built. kernel_spec from model: ['K5', 'P2', 'K5', 'P2']
