2025-08-16 23:57:47,229 | INFO | Multi-GPU detected: 4 GPUs. Scaling batch_size 4 -> 16 and using DataParallel.
2025-08-16 23:57:50,286 | INFO | Model built. kernel_spec from model: ['K5', 'P2', 'K5', 'P2']
2025-08-16 23:59:24,611 | INFO | Multi-GPU detected: 4 GPUs. Scaling batch_size 4 -> 16 and using DataParallel.
2025-08-16 23:59:27,720 | INFO | Model built. kernel_spec from model: ['K5', 'P2', 'K5', 'P2']
2025-08-17 00:06:03,739 | INFO | Multi-GPU detected: 4 GPUs. Scaling batch_size 4 -> 16 and using DataParallel.
2025-08-17 00:06:06,796 | INFO | Model built. kernel_spec from model: ['K5', 'P2', 'K5', 'P2']
2025-08-17 00:08:03,147 | INFO | Model built. kernel_spec from model: ['K5', 'P2', 'K5', 'P2']
2025-08-17 00:09:11,726 | INFO | [epoch 1 it 50/1418]loss 87.2197 | imgs/s 2.9 | lr 0.000100
2025-08-17 00:10:08,604 | INFO | [epoch 1 it 100/1418]loss 44.4846 | imgs/s 3.2 | lr 0.000100
2025-08-17 00:11:05,666 | INFO | [epoch 1 it 150/1418]loss 67.1201 | imgs/s 3.3 | lr 0.000100
2025-08-17 00:12:00,664 | INFO | [epoch 1 it 200/1418]loss 68.8212 | imgs/s 3.4 | lr 0.000100
2025-08-17 00:12:56,595 | INFO | [epoch 1 it 250/1418]loss 60.8170 | imgs/s 3.4 | lr 0.000100
2025-08-17 00:13:52,785 | INFO | [epoch 1 it 300/1418]loss 61.8404 | imgs/s 3.4 | lr 0.000100
2025-08-17 00:14:50,034 | INFO | [epoch 1 it 350/1418]loss 66.4681 | imgs/s 3.4 | lr 0.000100
2025-08-17 00:15:45,647 | INFO | [epoch 1 it 400/1418]loss 56.6843 | imgs/s 3.5 | lr 0.000100
2025-08-17 00:16:40,780 | INFO | [epoch 1 it 450/1418]loss 39.0580 | imgs/s 3.5 | lr 0.000100
2025-08-17 00:17:37,048 | INFO | [epoch 1 it 500/1418]loss 55.2025 | imgs/s 3.5 | lr 0.000100
2025-08-17 00:18:31,900 | INFO | [epoch 1 it 550/1418]loss 56.7688 | imgs/s 3.5 | lr 0.000100
2025-08-17 00:19:26,763 | INFO | [epoch 1 it 600/1418]loss 48.8436 | imgs/s 3.5 | lr 0.000100
2025-08-17 00:20:22,976 | INFO | [epoch 1 it 650/1418]loss 67.6731 | imgs/s 3.5 | lr 0.000100
2025-08-17 00:21:17,369 | INFO | [epoch 1 it 700/1418]loss 53.8259 | imgs/s 3.5 | lr 0.000100
2025-08-17 00:22:14,340 | INFO | [epoch 1 it 750/1418]loss 64.4893 | imgs/s 3.5 | lr 0.000100
2025-08-17 00:23:09,669 | INFO | [epoch 1 it 800/1418]loss 75.8564 | imgs/s 3.5 | lr 0.000100
2025-08-17 00:24:04,653 | INFO | [epoch 1 it 850/1418]loss 48.6178 | imgs/s 3.5 | lr 0.000100
2025-08-17 00:25:00,903 | INFO | [epoch 1 it 900/1418]loss 60.3420 | imgs/s 3.5 | lr 0.000100
2025-08-17 00:25:57,043 | INFO | [epoch 1 it 950/1418]loss 65.6381 | imgs/s 3.5 | lr 0.000100
2025-08-17 00:26:53,067 | INFO | [epoch 1 it 1000/1418]loss 54.4157 | imgs/s 3.5 | lr 0.000100
2025-08-17 00:27:49,792 | INFO | [epoch 1 it 1050/1418]loss 68.5593 | imgs/s 3.5 | lr 0.000100
2025-08-17 00:28:45,653 | INFO | [epoch 1 it 1100/1418]loss 60.8213 | imgs/s 3.5 | lr 0.000100
2025-08-17 00:29:41,432 | INFO | [epoch 1 it 1150/1418]loss 59.5787 | imgs/s 3.5 | lr 0.000100
2025-08-17 00:30:36,547 | INFO | [epoch 1 it 1200/1418]loss 57.0733 | imgs/s 3.5 | lr 0.000100
2025-08-17 00:31:32,368 | INFO | [epoch 1 it 1250/1418]loss 81.6640 | imgs/s 3.5 | lr 0.000100
2025-08-17 00:32:28,370 | INFO | [epoch 1 it 1300/1418]loss 56.2541 | imgs/s 3.5 | lr 0.000100
2025-08-17 00:33:25,526 | INFO | [epoch 1 it 1350/1418]loss 61.3551 | imgs/s 3.5 | lr 0.000100
2025-08-17 00:34:23,614 | INFO | [epoch 1 it 1400/1418]loss 67.5980 | imgs/s 3.5 | lr 0.000100
2025-08-17 00:34:42,963 | INFO | [EPOCH 1] train_avg_loss=60.8609 seen 5671/5671
2025-08-17 00:34:53,536 | INFO | saved checkpoint: last.pt
2025-08-17 00:35:52,241 | INFO | [epoch 2 it 50/1418]loss 68.6622 | imgs/s 3.4 | lr 0.000100
2025-08-17 00:36:50,169 | INFO | [epoch 2 it 100/1418]loss 48.8455 | imgs/s 3.4 | lr 0.000100
2025-08-17 00:37:44,469 | INFO | [epoch 2 it 150/1418]loss 56.3395 | imgs/s 3.5 | lr 0.000100
2025-08-17 00:38:39,398 | INFO | [epoch 2 it 200/1418]loss 52.0498 | imgs/s 3.5 | lr 0.000100
2025-08-17 00:39:35,602 | INFO | [epoch 2 it 250/1418]loss 49.6119 | imgs/s 3.5 | lr 0.000100
2025-08-17 00:40:32,273 | INFO | [epoch 2 it 300/1418]loss 48.3715 | imgs/s 3.5 | lr 0.000100
2025-08-17 00:41:27,689 | INFO | [epoch 2 it 350/1418]loss 62.7985 | imgs/s 3.6 | lr 0.000100
2025-08-17 00:42:23,265 | INFO | [epoch 2 it 400/1418]loss 60.9781 | imgs/s 3.6 | lr 0.000100
2025-08-17 00:43:19,751 | INFO | [epoch 2 it 450/1418]loss 45.8843 | imgs/s 3.6 | lr 0.000100
2025-08-17 00:44:15,823 | INFO | [epoch 2 it 500/1418]loss 40.9276 | imgs/s 3.6 | lr 0.000100
2025-08-17 00:45:12,397 | INFO | [epoch 2 it 550/1418]loss 46.7262 | imgs/s 3.6 | lr 0.000100
2025-08-17 00:46:08,635 | INFO | [epoch 2 it 600/1418]loss 61.3655 | imgs/s 3.6 | lr 0.000100
2025-08-17 00:47:05,858 | INFO | [epoch 2 it 650/1418]loss 54.8740 | imgs/s 3.6 | lr 0.000100
2025-08-17 00:48:02,453 | INFO | [epoch 2 it 700/1418]loss 45.2849 | imgs/s 3.5 | lr 0.000100
2025-08-17 00:48:59,043 | INFO | [epoch 2 it 750/1418]loss 40.8482 | imgs/s 3.5 | lr 0.000100
2025-08-17 00:49:55,144 | INFO | [epoch 2 it 800/1418]loss 55.9946 | imgs/s 3.5 | lr 0.000100
2025-08-17 00:50:51,005 | INFO | [epoch 2 it 850/1418]loss 58.7707 | imgs/s 3.6 | lr 0.000100
2025-08-17 00:51:46,215 | INFO | [epoch 2 it 900/1418]loss 59.1924 | imgs/s 3.6 | lr 0.000100
2025-08-17 00:52:41,959 | INFO | [epoch 2 it 950/1418]loss 53.0585 | imgs/s 3.6 | lr 0.000100
2025-08-17 00:53:37,637 | INFO | [epoch 2 it 1000/1418]loss 65.1566 | imgs/s 3.6 | lr 0.000100
2025-08-17 00:54:33,508 | INFO | [epoch 2 it 1050/1418]loss 45.6158 | imgs/s 3.6 | lr 0.000100
2025-08-17 00:55:30,477 | INFO | [epoch 2 it 1100/1418]loss 62.8378 | imgs/s 3.6 | lr 0.000100
2025-08-17 00:56:26,441 | INFO | [epoch 2 it 1150/1418]loss 60.8655 | imgs/s 3.6 | lr 0.000100
2025-08-17 00:57:22,118 | INFO | [epoch 2 it 1200/1418]loss 35.1481 | imgs/s 3.6 | lr 0.000100
2025-08-17 00:58:18,321 | INFO | [epoch 2 it 1250/1418]loss 68.1065 | imgs/s 3.6 | lr 0.000100
2025-08-17 00:59:14,093 | INFO | [epoch 2 it 1300/1418]loss 55.1761 | imgs/s 3.6 | lr 0.000100
2025-08-17 01:00:09,822 | INFO | [epoch 2 it 1350/1418]loss 66.6146 | imgs/s 3.6 | lr 0.000100
2025-08-17 01:01:06,904 | INFO | [epoch 2 it 1400/1418]loss 74.5263 | imgs/s 3.6 | lr 0.000100
2025-08-17 01:01:27,039 | INFO | [EPOCH 2] train_avg_loss=55.2618 seen 5671/5671
2025-08-17 01:01:37,778 | INFO | saved checkpoint: last.pt
2025-08-17 01:02:38,996 | INFO | [epoch 3 it 50/1418]loss 72.4354 | imgs/s 3.3 | lr 0.000100
2025-08-17 01:03:34,369 | INFO | [epoch 3 it 100/1418]loss 42.0895 | imgs/s 3.4 | lr 0.000100
2025-08-17 01:04:29,085 | INFO | [epoch 3 it 150/1418]loss 43.0701 | imgs/s 3.5 | lr 0.000100
2025-08-17 01:05:24,751 | INFO | [epoch 3 it 200/1418]loss 49.7785 | imgs/s 3.5 | lr 0.000100
2025-08-17 01:06:20,611 | INFO | [epoch 3 it 250/1418]loss 40.7224 | imgs/s 3.5 | lr 0.000100
2025-08-17 01:07:16,862 | INFO | [epoch 3 it 300/1418]loss 65.0180 | imgs/s 3.5 | lr 0.000100
2025-08-17 01:08:13,511 | INFO | [epoch 3 it 350/1418]loss 36.1690 | imgs/s 3.5 | lr 0.000100
2025-08-17 01:09:11,026 | INFO | [epoch 3 it 400/1418]loss 65.9413 | imgs/s 3.5 | lr 0.000100
2025-08-17 01:10:07,089 | INFO | [epoch 3 it 450/1418]loss 46.6750 | imgs/s 3.5 | lr 0.000100
2025-08-17 01:11:04,751 | INFO | [epoch 3 it 500/1418]loss 43.3681 | imgs/s 3.5 | lr 0.000100
2025-08-17 01:12:02,064 | INFO | [epoch 3 it 550/1418]loss 50.1850 | imgs/s 3.5 | lr 0.000100
2025-08-17 01:12:55,226 | INFO | [epoch 3 it 600/1418]loss 56.1547 | imgs/s 3.5 | lr 0.000100
2025-08-17 01:13:52,158 | INFO | [epoch 3 it 650/1418]loss 56.4072 | imgs/s 3.5 | lr 0.000100
2025-08-17 01:14:46,040 | INFO | [epoch 3 it 700/1418]loss 59.7904 | imgs/s 3.6 | lr 0.000100
2025-08-17 01:15:42,704 | INFO | [epoch 3 it 750/1418]loss 60.8812 | imgs/s 3.6 | lr 0.000100
2025-08-17 01:17:24,475 | INFO | [epoch 3 it 800/1418]loss 45.5826 | imgs/s 3.4 | lr 0.000100
2025-08-17 01:19:24,247 | INFO | [epoch 3 it 850/1418]loss 49.5178 | imgs/s 3.2 | lr 0.000100
2025-08-17 01:21:20,709 | INFO | [epoch 3 it 900/1418]loss 31.0047 | imgs/s 3.0 | lr 0.000100
2025-08-17 01:23:15,053 | INFO | [epoch 3 it 950/1418]loss 62.1607 | imgs/s 2.9 | lr 0.000100
2025-08-17 01:25:13,442 | INFO | [epoch 3 it 1000/1418]loss 51.8310 | imgs/s 2.8 | lr 0.000100
2025-08-17 01:26:38,372 | INFO | [epoch 3 it 1050/1418]loss 46.9225 | imgs/s 2.8 | lr 0.000100
2025-08-17 01:27:34,829 | INFO | [epoch 3 it 1100/1418]loss 50.3618 | imgs/s 2.8 | lr 0.000100
2025-08-17 01:28:52,813 | INFO | [epoch 3 it 1150/1418]loss 38.2573 | imgs/s 2.8 | lr 0.000100
2025-08-17 01:30:14,869 | INFO | [epoch 3 it 1200/1418]loss 57.3870 | imgs/s 2.8 | lr 0.000100
2025-08-17 01:31:37,118 | INFO | [epoch 3 it 1250/1418]loss 38.9660 | imgs/s 2.8 | lr 0.000100
2025-08-17 01:32:59,273 | INFO | [epoch 3 it 1300/1418]loss 61.3154 | imgs/s 2.8 | lr 0.000100
2025-08-17 01:34:19,270 | INFO | [epoch 3 it 1350/1418]loss 34.2823 | imgs/s 2.8 | lr 0.000100
2025-08-17 01:35:34,578 | INFO | [epoch 3 it 1400/1418]loss 82.7493 | imgs/s 2.7 | lr 0.000100
2025-08-17 01:36:05,060 | INFO | [EPOCH 3] train_avg_loss=51.6147 seen 5671/5671
2025-08-17 01:36:17,190 | INFO | saved checkpoint: last.pt
2025-08-17 01:37:33,411 | INFO | [epoch 4 it 50/1418]loss 42.6620 | imgs/s 2.6 | lr 0.000100
2025-08-17 01:38:51,865 | INFO | [epoch 4 it 100/1418]loss 53.8755 | imgs/s 2.6 | lr 0.000100
2025-08-17 01:40:13,979 | INFO | [epoch 4 it 150/1418]loss 54.7531 | imgs/s 2.5 | lr 0.000100
2025-08-17 01:41:35,952 | INFO | [epoch 4 it 200/1418]loss 48.5015 | imgs/s 2.5 | lr 0.000100
2025-08-17 01:42:57,470 | INFO | [epoch 4 it 250/1418]loss 35.0782 | imgs/s 2.5 | lr 0.000100
2025-08-17 01:44:16,967 | INFO | [epoch 4 it 300/1418]loss 36.7012 | imgs/s 2.5 | lr 0.000100
2025-08-17 01:45:41,588 | INFO | [epoch 4 it 350/1418]loss 52.1895 | imgs/s 2.5 | lr 0.000100
2025-08-17 01:46:43,831 | INFO | [epoch 4 it 400/1418]loss 58.3587 | imgs/s 2.6 | lr 0.000100
2025-08-17 01:47:40,429 | INFO | [epoch 4 it 450/1418]loss 49.1328 | imgs/s 2.6 | lr 0.000100
2025-08-17 01:48:51,862 | INFO | [epoch 4 it 500/1418]loss 34.8113 | imgs/s 2.7 | lr 0.000100
2025-08-17 01:50:13,264 | INFO | [epoch 4 it 550/1418]loss 61.5989 | imgs/s 2.6 | lr 0.000100
2025-08-17 01:51:36,881 | INFO | [epoch 4 it 600/1418]loss 41.3374 | imgs/s 2.6 | lr 0.000100
2025-08-17 01:53:01,037 | INFO | [epoch 4 it 650/1418]loss 47.6857 | imgs/s 2.6 | lr 0.000100
2025-08-17 01:54:21,053 | INFO | [epoch 4 it 700/1418]loss 51.0433 | imgs/s 2.6 | lr 0.000100
2025-08-17 01:55:42,379 | INFO | [epoch 4 it 750/1418]loss 30.3550 | imgs/s 2.6 | lr 0.000100
2025-08-17 01:56:54,216 | INFO | [epoch 4 it 800/1418]loss 35.5982 | imgs/s 2.6 | lr 0.000100
2025-08-17 01:58:03,853 | INFO | [epoch 4 it 850/1418]loss 45.2937 | imgs/s 2.6 | lr 0.000100
2025-08-17 01:59:20,424 | INFO | [epoch 4 it 900/1418]loss 29.5016 | imgs/s 2.6 | lr 0.000100
2025-08-17 02:00:37,587 | INFO | [epoch 4 it 950/1418]loss 44.3748 | imgs/s 2.6 | lr 0.000100
2025-08-17 02:01:58,111 | INFO | [epoch 4 it 1000/1418]loss 29.4141 | imgs/s 2.6 | lr 0.000100
2025-08-17 02:03:22,693 | INFO | [epoch 4 it 1050/1418]loss 57.6910 | imgs/s 2.6 | lr 0.000100
2025-08-17 02:04:41,500 | INFO | [epoch 4 it 1100/1418]loss 63.1135 | imgs/s 2.6 | lr 0.000100
2025-08-17 02:05:59,205 | INFO | [epoch 4 it 1150/1418]loss 59.5280 | imgs/s 2.6 | lr 0.000100
2025-08-17 02:06:53,929 | INFO | [epoch 4 it 1200/1418]loss 49.2457 | imgs/s 2.6 | lr 0.000100
2025-08-17 02:08:01,976 | INFO | [epoch 4 it 1250/1418]loss 50.7315 | imgs/s 2.6 | lr 0.000100
2025-08-17 02:09:21,192 | INFO | [epoch 4 it 1300/1418]loss 75.4788 | imgs/s 2.6 | lr 0.000100
2025-08-17 02:10:40,144 | INFO | [epoch 4 it 1350/1418]loss 37.0122 | imgs/s 2.6 | lr 0.000100
2025-08-17 02:11:58,575 | INFO | [epoch 4 it 1400/1418]loss 77.6092 | imgs/s 2.6 | lr 0.000100
2025-08-17 02:12:27,909 | INFO | [EPOCH 4] train_avg_loss=48.0393 seen 5671/5671
2025-08-17 02:12:38,524 | INFO | saved checkpoint: last.pt
2025-08-17 02:14:05,515 | INFO | [epoch 5 it 50/1418]loss 54.6757 | imgs/s 2.3 | lr 0.000100
2025-08-17 02:15:21,475 | INFO | [epoch 5 it 100/1418]loss 40.5210 | imgs/s 2.5 | lr 0.000100
2025-08-17 02:16:35,999 | INFO | [epoch 5 it 150/1418]loss 29.2981 | imgs/s 2.5 | lr 0.000100
2025-08-17 02:17:47,852 | INFO | [epoch 5 it 200/1418]loss 32.9218 | imgs/s 2.6 | lr 0.000100
2025-08-17 02:19:07,399 | INFO | [epoch 5 it 250/1418]loss 53.7928 | imgs/s 2.6 | lr 0.000100
2025-08-17 02:20:25,736 | INFO | [epoch 5 it 300/1418]loss 38.1687 | imgs/s 2.6 | lr 0.000100
2025-08-17 02:21:52,623 | INFO | [epoch 5 it 350/1418]loss 59.9631 | imgs/s 2.5 | lr 0.000100
2025-08-17 02:23:05,135 | INFO | [epoch 5 it 400/1418]loss 43.3464 | imgs/s 2.6 | lr 0.000100
2025-08-17 02:24:23,978 | INFO | [epoch 5 it 450/1418]loss 49.6968 | imgs/s 2.6 | lr 0.000100
2025-08-17 02:25:33,045 | INFO | [epoch 5 it 500/1418]loss 59.7384 | imgs/s 2.6 | lr 0.000100
2025-08-17 02:26:28,423 | INFO | [epoch 5 it 550/1418]loss 39.3075 | imgs/s 2.7 | lr 0.000100
2025-08-17 02:27:42,504 | INFO | [epoch 5 it 600/1418]loss 44.6730 | imgs/s 2.7 | lr 0.000100
2025-08-17 02:28:59,542 | INFO | [epoch 5 it 650/1418]loss 48.0558 | imgs/s 2.7 | lr 0.000100
2025-08-17 02:30:15,634 | INFO | [epoch 5 it 700/1418]loss 44.1360 | imgs/s 2.6 | lr 0.000100
2025-08-17 02:31:34,321 | INFO | [epoch 5 it 750/1418]loss 48.8373 | imgs/s 2.6 | lr 0.000100
2025-08-17 02:32:49,904 | INFO | [epoch 5 it 800/1418]loss 30.3391 | imgs/s 2.6 | lr 0.000100
2025-08-17 02:34:18,481 | INFO | [epoch 5 it 850/1418]loss 33.9264 | imgs/s 2.6 | lr 0.000100
2025-08-17 02:35:41,607 | INFO | [epoch 5 it 900/1418]loss 35.5676 | imgs/s 2.6 | lr 0.000100
2025-08-17 02:36:51,834 | INFO | [epoch 5 it 950/1418]loss 55.7468 | imgs/s 2.6 | lr 0.000100
2025-08-17 02:38:11,262 | INFO | [epoch 5 it 1000/1418]loss 54.9752 | imgs/s 2.6 | lr 0.000100
2025-08-17 02:39:30,045 | INFO | [epoch 5 it 1050/1418]loss 31.5438 | imgs/s 2.6 | lr 0.000100
2025-08-17 02:40:45,239 | INFO | [epoch 5 it 1100/1418]loss 29.7722 | imgs/s 2.6 | lr 0.000100
2025-08-17 02:42:01,921 | INFO | [epoch 5 it 1150/1418]loss 39.0984 | imgs/s 2.6 | lr 0.000100
2025-08-17 02:43:22,282 | INFO | [epoch 5 it 1200/1418]loss 42.2479 | imgs/s 2.6 | lr 0.000100
2025-08-17 02:44:44,378 | INFO | [epoch 5 it 1250/1418]loss 72.4848 | imgs/s 2.6 | lr 0.000100
2025-08-17 02:45:41,339 | INFO | [epoch 5 it 1300/1418]loss 52.6748 | imgs/s 2.6 | lr 0.000100
2025-08-17 02:46:42,564 | INFO | [epoch 5 it 1350/1418]loss 33.3963 | imgs/s 2.6 | lr 0.000100
2025-08-17 02:48:03,900 | INFO | [epoch 5 it 1400/1418]loss 43.6843 | imgs/s 2.6 | lr 0.000100
2025-08-17 02:48:31,341 | INFO | [EPOCH 5] train_avg_loss=44.6517 seen 5671/5671
2025-08-17 02:48:44,759 | INFO | saved checkpoint: last.pt
2025-08-17 02:50:20,623 | INFO | [epoch 6 it 50/1418]loss 37.2003 | imgs/s 2.1 | lr 0.000100
2025-08-17 02:51:44,332 | INFO | [epoch 6 it 100/1418]loss 48.4483 | imgs/s 2.2 | lr 0.000100
2025-08-17 02:53:03,831 | INFO | [epoch 6 it 150/1418]loss 31.2472 | imgs/s 2.3 | lr 0.000100
2025-08-17 02:54:21,774 | INFO | [epoch 6 it 200/1418]loss 31.8611 | imgs/s 2.4 | lr 0.000100
2025-08-17 02:55:30,801 | INFO | [epoch 6 it 250/1418]loss 31.3164 | imgs/s 2.5 | lr 0.000100
2025-08-17 02:56:40,902 | INFO | [epoch 6 it 300/1418]loss 25.7696 | imgs/s 2.5 | lr 0.000100
2025-08-17 02:58:02,772 | INFO | [epoch 6 it 350/1418]loss 46.4050 | imgs/s 2.5 | lr 0.000100
2025-08-17 02:59:17,416 | INFO | [epoch 6 it 400/1418]loss 36.0712 | imgs/s 2.5 | lr 0.000100
2025-08-17 03:00:35,319 | INFO | [epoch 6 it 450/1418]loss 37.4939 | imgs/s 2.5 | lr 0.000100
2025-08-17 03:01:55,203 | INFO | [epoch 6 it 500/1418]loss 27.5494 | imgs/s 2.5 | lr 0.000100
2025-08-17 03:03:13,674 | INFO | [epoch 6 it 550/1418]loss 28.7756 | imgs/s 2.5 | lr 0.000100
2025-08-17 03:04:24,782 | INFO | [epoch 6 it 600/1418]loss 38.4987 | imgs/s 2.6 | lr 0.000100
2025-08-17 03:05:18,553 | INFO | [epoch 6 it 650/1418]loss 27.9053 | imgs/s 2.6 | lr 0.000100
2025-08-17 03:06:23,803 | INFO | [epoch 6 it 700/1418]loss 49.1894 | imgs/s 2.6 | lr 0.000100
2025-08-17 03:07:47,344 | INFO | [epoch 6 it 750/1418]loss 34.5793 | imgs/s 2.6 | lr 0.000100
2025-08-17 03:09:06,443 | INFO | [epoch 6 it 800/1418]loss 30.3141 | imgs/s 2.6 | lr 0.000100
2025-08-17 03:10:24,675 | INFO | [epoch 6 it 850/1418]loss 43.9201 | imgs/s 2.6 | lr 0.000100
2025-08-17 03:11:55,355 | INFO | [epoch 6 it 900/1418]loss 34.8098 | imgs/s 2.6 | lr 0.000100
2025-08-17 03:13:16,733 | INFO | [epoch 6 it 950/1418]loss 36.1616 | imgs/s 2.6 | lr 0.000100
2025-08-17 03:14:37,641 | INFO | [epoch 6 it 1000/1418]loss 38.0323 | imgs/s 2.6 | lr 0.000100
2025-08-17 03:15:47,286 | INFO | [epoch 6 it 1050/1418]loss 19.4097 | imgs/s 2.6 | lr 0.000100
2025-08-17 03:17:05,447 | INFO | [epoch 6 it 1100/1418]loss 32.1652 | imgs/s 2.6 | lr 0.000100
2025-08-17 03:18:25,303 | INFO | [epoch 6 it 1150/1418]loss 31.1525 | imgs/s 2.6 | lr 0.000100
2025-08-17 03:19:41,220 | INFO | [epoch 6 it 1200/1418]loss 28.0745 | imgs/s 2.6 | lr 0.000100
2025-08-17 03:20:59,435 | INFO | [epoch 6 it 1250/1418]loss 49.3932 | imgs/s 2.6 | lr 0.000100
2025-08-17 03:22:17,882 | INFO | [epoch 6 it 1300/1418]loss 44.2618 | imgs/s 2.6 | lr 0.000100
2025-08-17 03:23:35,779 | INFO | [epoch 6 it 1350/1418]loss 32.2030 | imgs/s 2.6 | lr 0.000100
2025-08-17 03:24:36,353 | INFO | [epoch 6 it 1400/1418]loss 41.7406 | imgs/s 2.6 | lr 0.000100
2025-08-17 03:24:55,732 | INFO | [EPOCH 6] train_avg_loss=41.2063 seen 5671/5671
2025-08-17 03:25:06,459 | INFO | saved checkpoint: last.pt
2025-08-17 03:26:23,506 | INFO | [epoch 7 it 50/1418]loss 25.0815 | imgs/s 2.6 | lr 0.000100
2025-08-17 03:27:45,372 | INFO | [epoch 7 it 100/1418]loss 30.1960 | imgs/s 2.5 | lr 0.000100
2025-08-17 03:29:02,159 | INFO | [epoch 7 it 150/1418]loss 19.1565 | imgs/s 2.5 | lr 0.000100
2025-08-17 03:30:23,605 | INFO | [epoch 7 it 200/1418]loss 25.7253 | imgs/s 2.5 | lr 0.000100
2025-08-17 03:31:42,198 | INFO | [epoch 7 it 250/1418]loss 46.4149 | imgs/s 2.5 | lr 0.000100
2025-08-17 03:33:02,870 | INFO | [epoch 7 it 300/1418]loss 38.3842 | imgs/s 2.5 | lr 0.000100
2025-08-17 03:34:20,461 | INFO | [epoch 7 it 350/1418]loss 37.9142 | imgs/s 2.5 | lr 0.000100
2025-08-17 03:35:25,505 | INFO | [epoch 7 it 400/1418]loss 27.8288 | imgs/s 2.6 | lr 0.000100
2025-08-17 03:36:43,618 | INFO | [epoch 7 it 450/1418]loss 35.2828 | imgs/s 2.6 | lr 0.000100
2025-08-17 03:38:02,109 | INFO | [epoch 7 it 500/1418]loss 46.8084 | imgs/s 2.6 | lr 0.000100
2025-08-17 03:39:22,159 | INFO | [epoch 7 it 550/1418]loss 33.3270 | imgs/s 2.6 | lr 0.000100
2025-08-17 03:40:41,331 | INFO | [epoch 7 it 600/1418]loss 39.2228 | imgs/s 2.6 | lr 0.000100
2025-08-17 03:41:55,992 | INFO | [epoch 7 it 650/1418]loss 37.5452 | imgs/s 2.6 | lr 0.000100
2025-08-17 03:43:15,749 | INFO | [epoch 7 it 700/1418]loss 59.0656 | imgs/s 2.6 | lr 0.000100
2025-08-17 03:44:12,494 | INFO | [epoch 7 it 750/1418]loss 35.6783 | imgs/s 2.6 | lr 0.000100
2025-08-17 03:45:08,728 | INFO | [epoch 7 it 800/1418]loss 25.3585 | imgs/s 2.7 | lr 0.000100
2025-08-17 03:46:06,384 | INFO | [epoch 7 it 850/1418]loss 39.9283 | imgs/s 2.7 | lr 0.000100
2025-08-17 03:47:00,793 | INFO | [epoch 7 it 900/1418]loss 26.9531 | imgs/s 2.7 | lr 0.000100
2025-08-17 03:47:56,839 | INFO | [epoch 7 it 950/1418]loss 35.9968 | imgs/s 2.8 | lr 0.000100
2025-08-17 03:48:51,931 | INFO | [epoch 7 it 1000/1418]loss 38.7540 | imgs/s 2.8 | lr 0.000100
2025-08-17 03:49:47,064 | INFO | [epoch 7 it 1050/1418]loss 35.9763 | imgs/s 2.8 | lr 0.000100
2025-08-17 03:50:43,518 | INFO | [epoch 7 it 1100/1418]loss 45.9463 | imgs/s 2.9 | lr 0.000100
2025-08-17 03:51:39,377 | INFO | [epoch 7 it 1150/1418]loss 41.6883 | imgs/s 2.9 | lr 0.000100
2025-08-17 03:52:36,898 | INFO | [epoch 7 it 1200/1418]loss 36.5195 | imgs/s 2.9 | lr 0.000100
2025-08-17 03:53:32,826 | INFO | [epoch 7 it 1250/1418]loss 69.0858 | imgs/s 2.9 | lr 0.000100
2025-08-17 03:54:29,910 | INFO | [epoch 7 it 1300/1418]loss 40.0293 | imgs/s 2.9 | lr 0.000100
2025-08-17 03:55:25,769 | INFO | [epoch 7 it 1350/1418]loss 25.5699 | imgs/s 3.0 | lr 0.000100
2025-08-17 03:56:21,481 | INFO | [epoch 7 it 1400/1418]loss 45.9384 | imgs/s 3.0 | lr 0.000100
2025-08-17 03:56:41,203 | INFO | [EPOCH 7] train_avg_loss=37.8564 seen 5671/5671
2025-08-17 03:56:51,006 | INFO | saved checkpoint: last.pt
2025-08-17 03:57:54,139 | INFO | [epoch 8 it 50/1418]loss 34.4822 | imgs/s 3.2 | lr 0.000100
2025-08-17 03:58:49,461 | INFO | [epoch 8 it 100/1418]loss 56.9797 | imgs/s 3.4 | lr 0.000100
2025-08-17 03:59:45,979 | INFO | [epoch 8 it 150/1418]loss 32.6226 | imgs/s 3.4 | lr 0.000100
2025-08-17 04:00:42,632 | INFO | [epoch 8 it 200/1418]loss 22.7616 | imgs/s 3.5 | lr 0.000100
2025-08-17 04:01:38,436 | INFO | [epoch 8 it 250/1418]loss 30.6943 | imgs/s 3.5 | lr 0.000100
2025-08-17 04:02:36,709 | INFO | [epoch 8 it 300/1418]loss 34.5605 | imgs/s 3.5 | lr 0.000100
2025-08-17 04:03:31,887 | INFO | [epoch 8 it 350/1418]loss 38.4738 | imgs/s 3.5 | lr 0.000100
2025-08-17 04:04:28,408 | INFO | [epoch 8 it 400/1418]loss 33.3444 | imgs/s 3.5 | lr 0.000100
2025-08-17 04:05:23,975 | INFO | [epoch 8 it 450/1418]loss 33.0703 | imgs/s 3.5 | lr 0.000100
2025-08-17 04:06:18,539 | INFO | [epoch 8 it 500/1418]loss 35.8402 | imgs/s 3.5 | lr 0.000100
2025-08-17 04:07:14,918 | INFO | [epoch 8 it 550/1418]loss 37.0364 | imgs/s 3.5 | lr 0.000100
2025-08-17 04:08:11,104 | INFO | [epoch 8 it 600/1418]loss 34.7007 | imgs/s 3.5 | lr 0.000100
2025-08-17 04:09:04,962 | INFO | [epoch 8 it 650/1418]loss 33.4787 | imgs/s 3.5 | lr 0.000100
2025-08-17 04:09:59,061 | INFO | [epoch 8 it 700/1418]loss 27.8059 | imgs/s 3.6 | lr 0.000100
2025-08-17 04:10:55,044 | INFO | [epoch 8 it 750/1418]loss 38.9500 | imgs/s 3.6 | lr 0.000100
2025-08-17 04:11:51,553 | INFO | [epoch 8 it 800/1418]loss 29.7544 | imgs/s 3.6 | lr 0.000100
2025-08-17 04:12:47,963 | INFO | [epoch 8 it 850/1418]loss 34.4009 | imgs/s 3.6 | lr 0.000100
2025-08-17 04:13:44,986 | INFO | [epoch 8 it 900/1418]loss 26.3941 | imgs/s 3.6 | lr 0.000100
2025-08-17 04:14:40,850 | INFO | [epoch 8 it 950/1418]loss 27.7857 | imgs/s 3.6 | lr 0.000100
2025-08-17 04:15:36,177 | INFO | [epoch 8 it 1000/1418]loss 23.1240 | imgs/s 3.6 | lr 0.000100
2025-08-17 04:16:34,281 | INFO | [epoch 8 it 1050/1418]loss 46.7385 | imgs/s 3.5 | lr 0.000100
2025-08-17 04:17:30,351 | INFO | [epoch 8 it 1100/1418]loss 26.7141 | imgs/s 3.6 | lr 0.000100
2025-08-17 04:18:26,256 | INFO | [epoch 8 it 1150/1418]loss 22.7640 | imgs/s 3.6 | lr 0.000100
2025-08-17 04:19:21,285 | INFO | [epoch 8 it 1200/1418]loss 36.8833 | imgs/s 3.6 | lr 0.000100
2025-08-17 04:20:18,651 | INFO | [epoch 8 it 1250/1418]loss 34.2640 | imgs/s 3.6 | lr 0.000100
2025-08-17 04:21:14,010 | INFO | [epoch 8 it 1300/1418]loss 18.6080 | imgs/s 3.6 | lr 0.000100
2025-08-17 04:22:10,735 | INFO | [epoch 8 it 1350/1418]loss 26.0723 | imgs/s 3.6 | lr 0.000100
2025-08-17 04:23:06,473 | INFO | [epoch 8 it 1400/1418]loss 31.7262 | imgs/s 3.6 | lr 0.000100
2025-08-17 04:23:26,445 | INFO | [EPOCH 8] train_avg_loss=34.8514 seen 5671/5671
2025-08-17 04:23:38,120 | INFO | saved checkpoint: last.pt
2025-08-17 04:24:40,880 | INFO | [epoch 9 it 50/1418]loss 20.2092 | imgs/s 3.2 | lr 0.000100
2025-08-17 04:25:36,636 | INFO | [epoch 9 it 100/1418]loss 37.5031 | imgs/s 3.4 | lr 0.000100
2025-08-17 04:26:32,957 | INFO | [epoch 9 it 150/1418]loss 22.5000 | imgs/s 3.4 | lr 0.000100
2025-08-17 04:27:30,524 | INFO | [epoch 9 it 200/1418]loss 37.5421 | imgs/s 3.4 | lr 0.000100
2025-08-17 04:28:26,862 | INFO | [epoch 9 it 250/1418]loss 30.5026 | imgs/s 3.5 | lr 0.000100
2025-08-17 04:29:23,310 | INFO | [epoch 9 it 300/1418]loss 32.1759 | imgs/s 3.5 | lr 0.000100
2025-08-17 04:30:20,751 | INFO | [epoch 9 it 350/1418]loss 55.2899 | imgs/s 3.5 | lr 0.000100
2025-08-17 04:31:17,919 | INFO | [epoch 9 it 400/1418]loss 33.6432 | imgs/s 3.5 | lr 0.000100
2025-08-17 04:32:14,466 | INFO | [epoch 9 it 450/1418]loss 30.2804 | imgs/s 3.5 | lr 0.000100
2025-08-17 04:33:10,921 | INFO | [epoch 9 it 500/1418]loss 26.3673 | imgs/s 3.5 | lr 0.000100
2025-08-17 04:34:06,611 | INFO | [epoch 9 it 550/1418]loss 26.8758 | imgs/s 3.5 | lr 0.000100
2025-08-17 04:35:02,572 | INFO | [epoch 9 it 600/1418]loss 26.2797 | imgs/s 3.5 | lr 0.000100
2025-08-17 04:35:58,285 | INFO | [epoch 9 it 650/1418]loss 44.2560 | imgs/s 3.5 | lr 0.000100
2025-08-17 04:36:53,267 | INFO | [epoch 9 it 700/1418]loss 34.9627 | imgs/s 3.5 | lr 0.000100
2025-08-17 04:37:49,499 | INFO | [epoch 9 it 750/1418]loss 23.7185 | imgs/s 3.5 | lr 0.000100
2025-08-17 04:38:43,812 | INFO | [epoch 9 it 800/1418]loss 31.6654 | imgs/s 3.5 | lr 0.000100
2025-08-17 04:39:39,301 | INFO | [epoch 9 it 850/1418]loss 38.7764 | imgs/s 3.5 | lr 0.000100
2025-08-17 04:40:36,491 | INFO | [epoch 9 it 900/1418]loss 58.9584 | imgs/s 3.5 | lr 0.000100
2025-08-17 04:41:31,069 | INFO | [epoch 9 it 950/1418]loss 29.3850 | imgs/s 3.5 | lr 0.000100
2025-08-17 04:42:27,186 | INFO | [epoch 9 it 1000/1418]loss 24.6863 | imgs/s 3.5 | lr 0.000100
2025-08-17 04:43:25,298 | INFO | [epoch 9 it 1050/1418]loss 35.4174 | imgs/s 3.5 | lr 0.000100
2025-08-17 04:44:20,793 | INFO | [epoch 9 it 1100/1418]loss 32.6635 | imgs/s 3.5 | lr 0.000100
2025-08-17 04:45:19,484 | INFO | [epoch 9 it 1150/1418]loss 57.5996 | imgs/s 3.5 | lr 0.000100
2025-08-17 04:46:14,695 | INFO | [epoch 9 it 1200/1418]loss 32.1396 | imgs/s 3.5 | lr 0.000100
2025-08-17 04:47:11,437 | INFO | [epoch 9 it 1250/1418]loss 31.4189 | imgs/s 3.5 | lr 0.000100
2025-08-17 04:48:09,623 | INFO | [epoch 9 it 1300/1418]loss 25.4363 | imgs/s 3.5 | lr 0.000100
2025-08-17 04:49:05,398 | INFO | [epoch 9 it 1350/1418]loss 26.7870 | imgs/s 3.5 | lr 0.000100
2025-08-17 04:50:02,220 | INFO | [epoch 9 it 1400/1418]loss 25.1108 | imgs/s 3.5 | lr 0.000100
2025-08-17 04:50:22,649 | INFO | [EPOCH 9] train_avg_loss=32.4244 seen 5671/5671
2025-08-17 04:50:37,092 | INFO | saved checkpoint: last.pt
2025-08-17 04:51:37,892 | INFO | [epoch 10 it 50/1418]loss 31.2548 | imgs/s 3.3 | lr 0.000100
2025-08-17 04:52:33,857 | INFO | [epoch 10 it 100/1418]loss 34.0031 | imgs/s 3.4 | lr 0.000100
2025-08-17 04:53:30,081 | INFO | [epoch 10 it 150/1418]loss 28.2150 | imgs/s 3.5 | lr 0.000100
2025-08-17 04:54:26,320 | INFO | [epoch 10 it 200/1418]loss 13.0190 | imgs/s 3.5 | lr 0.000100
2025-08-17 04:55:23,186 | INFO | [epoch 10 it 250/1418]loss 37.4557 | imgs/s 3.5 | lr 0.000100
2025-08-17 04:56:16,237 | INFO | [epoch 10 it 300/1418]loss 26.5634 | imgs/s 3.5 | lr 0.000100
2025-08-17 04:57:11,693 | INFO | [epoch 10 it 350/1418]loss 25.9892 | imgs/s 3.5 | lr 0.000100
2025-08-17 04:58:07,618 | INFO | [epoch 10 it 400/1418]loss 32.3523 | imgs/s 3.6 | lr 0.000100
2025-08-17 04:59:03,228 | INFO | [epoch 10 it 450/1418]loss 17.3392 | imgs/s 3.6 | lr 0.000100
2025-08-17 04:59:59,125 | INFO | [epoch 10 it 500/1418]loss 28.8372 | imgs/s 3.6 | lr 0.000100
2025-08-17 05:00:55,414 | INFO | [epoch 10 it 550/1418]loss 32.6373 | imgs/s 3.6 | lr 0.000100
2025-08-17 05:01:52,786 | INFO | [epoch 10 it 600/1418]loss 40.6903 | imgs/s 3.6 | lr 0.000100
2025-08-17 05:02:50,139 | INFO | [epoch 10 it 650/1418]loss 33.3902 | imgs/s 3.5 | lr 0.000100
2025-08-17 05:03:46,731 | INFO | [epoch 10 it 700/1418]loss 23.7948 | imgs/s 3.5 | lr 0.000100
2025-08-17 05:04:44,255 | INFO | [epoch 10 it 750/1418]loss 40.5942 | imgs/s 3.5 | lr 0.000100
2025-08-17 05:05:42,052 | INFO | [epoch 10 it 800/1418]loss 19.1224 | imgs/s 3.5 | lr 0.000100
2025-08-17 05:06:38,338 | INFO | [epoch 10 it 850/1418]loss 27.6526 | imgs/s 3.5 | lr 0.000100
2025-08-17 05:07:35,644 | INFO | [epoch 10 it 900/1418]loss 21.8032 | imgs/s 3.5 | lr 0.000100
2025-08-17 05:08:30,506 | INFO | [epoch 10 it 950/1418]loss 25.2240 | imgs/s 3.5 | lr 0.000100
2025-08-17 05:09:26,123 | INFO | [epoch 10 it 1000/1418]loss 21.7631 | imgs/s 3.5 | lr 0.000100
2025-08-17 05:10:21,690 | INFO | [epoch 10 it 1050/1418]loss 30.4103 | imgs/s 3.5 | lr 0.000100
2025-08-17 05:11:19,314 | INFO | [epoch 10 it 1100/1418]loss 32.3436 | imgs/s 3.5 | lr 0.000100
2025-08-17 05:12:15,316 | INFO | [epoch 10 it 1150/1418]loss 16.6125 | imgs/s 3.5 | lr 0.000100
2025-08-17 05:13:11,087 | INFO | [epoch 10 it 1200/1418]loss 39.7092 | imgs/s 3.5 | lr 0.000100
2025-08-17 05:14:07,134 | INFO | [epoch 10 it 1250/1418]loss 28.3223 | imgs/s 3.5 | lr 0.000100
2025-08-17 05:15:03,563 | INFO | [epoch 10 it 1300/1418]loss 37.8852 | imgs/s 3.5 | lr 0.000100
2025-08-17 05:15:59,480 | INFO | [epoch 10 it 1350/1418]loss 24.4870 | imgs/s 3.5 | lr 0.000100
2025-08-17 05:16:56,140 | INFO | [epoch 10 it 1400/1418]loss 23.5531 | imgs/s 3.5 | lr 0.000100
2025-08-17 05:17:16,377 | INFO | [EPOCH 10] train_avg_loss=30.2928 seen 5671/5671
2025-08-17 05:17:28,144 | INFO | saved checkpoint: last.pt
2025-08-17 05:17:28,144 | INFO | Training complete. Final model saved to 'last.pth'.
