2025-08-13 17:07:24,351 | INFO | Dataset len(train) = 5671)
2025-08-13 17:07:31,058 | INFO | [Sample 0] video: (144, 3, 224, 224) labels: (12,) info: str info2: 01April_2010_Thursday_heute_default-0|01April_2010_Thursday_heute_default-0/1/*.png|Signer04|__ON__ LIEB ZUSCHAUER ABEND WINTER GESTERN loc-NORD SCHOTTLAND loc-REGION UEBERSCHWEMMUNG AMERIKA IX
2025-08-13 17:07:34,222 | INFO | [Sample 1] video: (108, 3, 224, 224) labels: (5,) info: str info2: 01April_2010_Thursday_heute_default-2|01April_2010_Thursday_heute_default-2/1/*.png|Signer04|loc-WEST WARM loc-WEST BLEIBEN KUEHL
2025-08-13 17:08:25,165 | INFO | [batch] videos: (4, 160, 3, 224, 224) lengths: (4,)labels: (44,)label_lengths: (4,)
2025-08-13 17:08:25,166 | INFO | left_pad=6, total_stride=4, T_pad=160, max_src_T=160
2025-08-13 17:08:25,167 | INFO | Temporal padding looks consistent.
2025-08-13 17:08:25,167 | INFO | Dataloader check comppleted successfully.
2025-08-13 18:39:08,919 | INFO | Dataset len(train) = 5671)
2025-08-13 18:39:11,300 | INFO | [Sample 0] video: (204, 3, 224, 224) labels: (12,) info: str info2: 01April_2010_Thursday_heute_default-0|01April_2010_Thursday_heute_default-0/1/*.png|Signer04|__ON__ LIEB ZUSCHAUER ABEND WINTER GESTERN loc-NORD SCHOTTLAND loc-REGION UEBERSCHWEMMUNG AMERIKA IX
2025-08-13 18:39:12,494 | INFO | [Sample 1] video: (120, 3, 224, 224) labels: (5,) info: str info2: 01April_2010_Thursday_heute_default-2|01April_2010_Thursday_heute_default-2/1/*.png|Signer04|loc-WEST WARM loc-WEST BLEIBEN KUEHL
2025-08-13 18:39:57,085 | INFO | [batch] videos: (4, 200, 3, 224, 224) lengths: (4,)labels: (50,)label_lengths: (4,)
2025-08-13 18:39:57,086 | INFO | left_pad=6, total_stride=4, T_pad=200, max_src_T=200
2025-08-13 18:39:57,086 | INFO | Temporal padding looks consistent.
2025-08-13 18:39:57,087 | INFO | Dataloader check comppleted successfully.
2025-08-13 18:52:45,699 | INFO | Dataset len(train) = 5671)
2025-08-13 18:52:46,461 | INFO | [Sample 0] video: (192, 3, 224, 224) labels: (12,) info: str info2: 01April_2010_Thursday_heute_default-0|01April_2010_Thursday_heute_default-0/1/*.png|Signer04|__ON__ LIEB ZUSCHAUER ABEND WINTER GESTERN loc-NORD SCHOTTLAND loc-REGION UEBERSCHWEMMUNG AMERIKA IX
2025-08-13 18:52:46,988 | INFO | [Sample 1] video: (108, 3, 224, 224) labels: (5,) info: str info2: 01April_2010_Thursday_heute_default-2|01April_2010_Thursday_heute_default-2/1/*.png|Signer04|loc-WEST WARM loc-WEST BLEIBEN KUEHL
2025-08-13 18:53:24,263 | INFO | [batch] videos: (4, 228, 3, 224, 224) lengths: (4,)labels: (49,)label_lengths: (4,) info: ['20August_2010_Friday_tagesschau_default-11|20August_2010_Friday_tagesschau_default-11/1/*.png|Signer05|__ON__ loc-SUEDOST OFT OFT HABEN2 SONNE MONTAG loc-SUEDOST FREUNDLICH SONST loc-REGION TEIL TEIL HAUPTSAECHLICH GEWITTER', '11May_2011_Wednesday_tagesschau_default-4|11May_2011_Wednesday_tagesschau_default-4/1/*.png|Signer05|HEUTE NACHT OST SUEDRAUM MEISTENS SCHAUER SCHAUER GEWITTER SONST REGION WOLKE KLAR TROCKEN __OFF__', '19April_2010_Monday_tagesschau_default-13|19April_2010_Monday_tagesschau_default-13/1/*.png|Signer08|__ON__ MORGEN SIEBEN GRAD loc-NORD UNTEN NEUNZEHN GRAD __PU__ __OFF__', '21June_2011_Tuesday_tagesschau_default-0|21June_2011_Tuesday_tagesschau_default-0/1/*.png|Signer07|JETZT WETTER VORAUS INFORMIEREN MORGEN MITTWOCH ZWEI ZWANZIG JUNI __OFF__']
2025-08-13 18:53:24,264 | INFO | left_pad=6, total_stride=4, T_pad=228, max_src_T=228
2025-08-13 18:53:24,265 | INFO | Temporal padding looks consistent.
2025-08-13 18:53:24,265 | INFO | Dataloader check comppleted successfully.
2025-08-13 19:17:35,916 | INFO | Dataset len(test) = 629)
2025-08-13 19:17:41,062 | INFO | [Sample 0] video: (132, 3, 224, 224) labels: (6,) info: str info2: 01April_2010_Thursday_heute_default-5|01April_2010_Thursday_heute_default-5/1/*.png|Signer04|ABER FREUEN  MORGEN SONNE SELTEN REGEN
2025-08-13 19:17:44,332 | INFO | [Sample 1] video: (144, 3, 224, 224) labels: (7,) info: str info2: 01April_2010_Thursday_tagesschau_default-7|01April_2010_Thursday_tagesschau_default-7/1/*.png|Signer04|SAMSTAG WECHSELHAFT BESONDERS FREUNDLICH NORDOST BISSCHEN BEREICH
2025-08-13 19:18:09,173 | INFO | [batch] videos: (4, 172, 3, 224, 224) lengths: (4,)labels: (32,)label_lengths: (4,) info: ['01April_2010_Thursday_tagesschau_default-8|01April_2010_Thursday_tagesschau_default-8/1/*.png|Signer04|SONNTAG REGEN TEIL GEWITTER SUEDOST DURCH REGEN', '01April_2010_Thursday_tagesschau_default-7|01April_2010_Thursday_tagesschau_default-7/1/*.png|Signer04|SAMSTAG WECHSELHAFT BESONDERS FREUNDLICH NORDOST BISSCHEN BEREICH', '01April_2010_Thursday_heute_default-5|01April_2010_Thursday_heute_default-5/1/*.png|Signer04|ABER FREUEN  MORGEN SONNE SELTEN REGEN', '01April_2011_Friday_tagesschau_default-0|01April_2011_Friday_tagesschau_default-0/1/*.png|Signer08|__ON__ JETZT WETTER WIE-AUSSEHEN MORGEN SAMSTAG ZWEITE APRIL __OFF__ __ON__ ZEIGEN-BILDSCHIRM __OFF__']
2025-08-13 19:18:09,174 | INFO | left_pad=6, total_stride=4, T_pad=172, max_src_T=172
2025-08-13 19:18:09,174 | INFO | Temporal padding looks consistent.
2025-08-13 19:18:09,174 | INFO | Dataloader check comppleted successfully.
2025-08-13 19:23:50,825 | INFO | Dataset len(train) = 5671)
2025-08-13 19:23:52,627 | INFO | [Sample 0] video: (184, 3, 224, 224) labels: (12,) info: str info2: 01April_2010_Thursday_heute_default-0|01April_2010_Thursday_heute_default-0/1/*.png|Signer04|__ON__ LIEB ZUSCHAUER ABEND WINTER GESTERN loc-NORD SCHOTTLAND loc-REGION UEBERSCHWEMMUNG AMERIKA IX
2025-08-13 19:23:53,772 | INFO | [Sample 1] video: (128, 3, 224, 224) labels: (5,) info: str info2: 01April_2010_Thursday_heute_default-2|01April_2010_Thursday_heute_default-2/1/*.png|Signer04|loc-WEST WARM loc-WEST BLEIBEN KUEHL
2025-08-13 19:24:38,811 | INFO | [batch] videos: (4, 208, 3, 224, 224) lengths: (4,)labels: (52,)label_lengths: (4,) info: ['07December_2010_Tuesday_tagesschau_default-12|07December_2010_Tuesday_tagesschau_default-12/1/*.png|Signer07|__ON__ DONNERSTAG WIEDER SCHNEE SCHNEIEN ALPEN SONST REGEN REGEN WEST FLACH LAND WEST BISSCHEN WIND', '31January_2011_Monday_tagesschau_default-8|31January_2011_Monday_tagesschau_default-8/1/*.png|Signer07|__ON__ MORGEN MEISTENS LEICHT FROST ODER NULL ZWISCHEN-NULL FLUSS PLUS VIER GRAD __OFF__', '21November_2011_Monday_tagesschau_default-5|21November_2011_Monday_tagesschau_default-5/1/*.png|Signer07|ORT-PLUSPLUS MOEGLICH BISSCHEN REIF GLATT HABEN __PU__ AUCH NORD IX BISSCHEN NIEDERUNG NIEDERUNG HABEN BISSCHEN', '28September_2012_Friday_tagesschau_default-13|28September_2012_Friday_tagesschau_default-13/1/*.png|Signer06|__ON__ NACHT NORDWESTRAUM ELF GRAD ALPENTAL VIER GRAD __OFF__']
2025-08-13 19:24:38,812 | INFO | left_pad=6, total_stride=4, T_pad=208, max_src_T=208
2025-08-13 19:24:38,812 | INFO | Temporal padding looks consistent.
2025-08-13 19:24:38,812 | INFO | Dataloader check comppleted successfully.
2025-08-13 20:05:26,993 | INFO | Dataset len(train) = 5671)
2025-08-13 20:05:28,355 | INFO | [Sample 0] video: (80, 3, 224, 224) labels: (12,) info: str info2: 01April_2010_Thursday_heute_default-0|01April_2010_Thursday_heute_default-0/1/*.png|Signer04|__ON__ LIEB ZUSCHAUER ABEND WINTER GESTERN loc-NORD SCHOTTLAND loc-REGION UEBERSCHWEMMUNG AMERIKA IX
2025-08-13 20:05:28,950 | INFO | [Sample 1] video: (60, 3, 224, 224) labels: (5,) info: str info2: 01April_2010_Thursday_heute_default-2|01April_2010_Thursday_heute_default-2/1/*.png|Signer04|loc-WEST WARM loc-WEST BLEIBEN KUEHL
2025-08-13 20:05:59,979 | INFO | [batch] videos: (4, 100, 3, 224, 224) lengths: (4,)labels: (50,)label_lengths: (4,) info: ['16December_2011_Friday_tagesschau_default-10|16December_2011_Friday_tagesschau_default-10/1/*.png|Signer08|OST SUEDOSTRAUM HEUTE NACHT STURM SPEZIELL BERG IX ORKAN ORKAN MORGEN SCHAUER SCHAUER KUESTE BERG IX __LEFTHAND__ STURM __OFF__', '25November_2011_Friday_tagesschau_default-7|25November_2011_Friday_tagesschau_default-7/1/*.png|Signer05|SCHWACH MAESSIG NORDRAUM FRISCH MEISTENS STURM IX NORDRAUM SEE IX STURM SCHWER STURM', '29March_2010_Monday_tagesschau_default-16|29March_2010_Monday_tagesschau_default-16/1/*.png|Signer01|FREITAG NORD OFT WIND BISSCHEN INSGESAMT SCHAUER WENIG __OFF__', '13November_2009_Friday_tagesschau_default-0|13November_2009_Friday_tagesschau_default-0/1/*.png|Signer09|__ON__ DANN WIE-AUSSEHEN WETTER MORGEN SAMSTAG VIERZEHN NOVEMBER __OFF__']
2025-08-13 20:05:59,980 | INFO | left_pad=6, total_stride=4, T_pad=100, max_src_T=100
2025-08-13 20:05:59,980 | INFO | Temporal padding looks consistent.
2025-08-13 20:05:59,981 | INFO | Dataloader check comppleted successfully.
