2025-08-16 23:57:19,983 | INFO | Multi-GPU detected: 4 GPUs. Scaling batch_size 4 -> 16 and using DataParallel.
2025-08-16 23:57:21,358 | INFO | Model built. kernel_spec from model: ['K5', 'P2', 'K5', 'P2']
2025-08-16 23:59:11,199 | INFO | Multi-GPU detected: 4 GPUs. Scaling batch_size 4 -> 16 and using DataParallel.
2025-08-16 23:59:12,532 | INFO | Model built. kernel_spec from model: ['K5', 'P2', 'K5', 'P2']
2025-08-17 00:05:54,313 | INFO | Multi-GPU detected: 4 GPUs. Scaling batch_size 4 -> 16 and using DataParallel.
2025-08-17 00:05:55,668 | INFO | Model built. kernel_spec from model: ['K5', 'P2', 'K5', 'P2']
2025-08-17 00:08:04,082 | INFO | Model built. kernel_spec from model: ['K5', 'P2', 'K5', 'P2']
2025-08-17 00:09:29,283 | INFO | [epoch 1 it 50/1418]loss 76.5724 | imgs/s 2.3 | lr 0.000100
2025-08-17 00:10:48,601 | INFO | [epoch 1 it 100/1418]loss 66.3298 | imgs/s 2.4 | lr 0.000100
2025-08-17 00:12:05,582 | INFO | [epoch 1 it 150/1418]loss 59.3629 | imgs/s 2.5 | lr 0.000100
2025-08-17 00:13:24,613 | INFO | [epoch 1 it 200/1418]loss 47.1542 | imgs/s 2.5 | lr 0.000100
2025-08-17 00:14:39,664 | INFO | [epoch 1 it 250/1418]loss 43.4631 | imgs/s 2.5 | lr 0.000100
2025-08-17 00:16:01,782 | INFO | [epoch 1 it 300/1418]loss 65.4616 | imgs/s 2.5 | lr 0.000100
2025-08-17 00:17:16,166 | INFO | [epoch 1 it 350/1418]loss 97.7898 | imgs/s 2.5 | lr 0.000100
2025-08-17 00:18:34,737 | INFO | [epoch 1 it 400/1418]loss 59.8368 | imgs/s 2.5 | lr 0.000100
2025-08-17 00:19:56,384 | INFO | [epoch 1 it 450/1418]loss 54.6269 | imgs/s 2.5 | lr 0.000100
2025-08-17 00:21:24,009 | INFO | [epoch 1 it 500/1418]loss 53.4075 | imgs/s 2.5 | lr 0.000100
2025-08-17 00:22:47,340 | INFO | [epoch 1 it 550/1418]loss 58.8509 | imgs/s 2.5 | lr 0.000100
2025-08-17 00:24:09,275 | INFO | [epoch 1 it 600/1418]loss 66.8802 | imgs/s 2.5 | lr 0.000100
2025-08-17 00:25:25,180 | INFO | [epoch 1 it 650/1418]loss 66.5135 | imgs/s 2.5 | lr 0.000100
2025-08-17 00:26:41,545 | INFO | [epoch 1 it 700/1418]loss 72.1665 | imgs/s 2.5 | lr 0.000100
2025-08-17 00:28:03,087 | INFO | [epoch 1 it 750/1418]loss 66.0516 | imgs/s 2.5 | lr 0.000100
2025-08-17 00:29:19,738 | INFO | [epoch 1 it 800/1418]loss 51.3129 | imgs/s 2.5 | lr 0.000100
2025-08-17 00:30:33,041 | INFO | [epoch 1 it 850/1418]loss 41.0764 | imgs/s 2.5 | lr 0.000100
2025-08-17 00:32:00,455 | INFO | [epoch 1 it 900/1418]loss 72.3550 | imgs/s 2.5 | lr 0.000100
2025-08-17 00:33:27,820 | INFO | [epoch 1 it 950/1418]loss 62.1029 | imgs/s 2.5 | lr 0.000100
2025-08-17 00:34:59,271 | INFO | [epoch 1 it 1000/1418]loss 90.2490 | imgs/s 2.5 | lr 0.000100
2025-08-17 00:36:36,046 | INFO | [epoch 1 it 1050/1418]loss 49.8182 | imgs/s 2.5 | lr 0.000100
2025-08-17 00:38:03,314 | INFO | [epoch 1 it 1100/1418]loss 76.4253 | imgs/s 2.4 | lr 0.000100
2025-08-17 00:39:35,271 | INFO | [epoch 1 it 1150/1418]loss 67.9951 | imgs/s 2.4 | lr 0.000100
2025-08-17 00:40:56,069 | INFO | [epoch 1 it 1200/1418]loss 46.5703 | imgs/s 2.4 | lr 0.000100
2025-08-17 00:42:24,863 | INFO | [epoch 1 it 1250/1418]loss 46.1168 | imgs/s 2.4 | lr 0.000100
2025-08-17 00:43:59,788 | INFO | [epoch 1 it 1300/1418]loss 67.2370 | imgs/s 2.4 | lr 0.000100
2025-08-17 00:45:21,834 | INFO | [epoch 1 it 1350/1418]loss 60.4142 | imgs/s 2.4 | lr 0.000100
2025-08-17 00:46:43,148 | INFO | [epoch 1 it 1400/1418]loss 50.2525 | imgs/s 2.4 | lr 0.000100
2025-08-17 00:47:16,401 | INFO | [EPOCH 1] train_avg_loss=61.1264 seen 5671/5671
2025-08-17 00:47:18,903 | INFO | saved checkpoint: last.pt
2025-08-17 00:48:08,340 | INFO | [epoch 2 it 50/1418]loss 65.3179 | imgs/s 4.0 | lr 0.000100
2025-08-17 00:48:56,333 | INFO | [epoch 2 it 100/1418]loss 36.0579 | imgs/s 4.1 | lr 0.000100
2025-08-17 00:49:42,118 | INFO | [epoch 2 it 150/1418]loss 57.9813 | imgs/s 4.2 | lr 0.000100
2025-08-17 00:50:28,173 | INFO | [epoch 2 it 200/1418]loss 67.6962 | imgs/s 4.2 | lr 0.000100
2025-08-17 00:51:16,585 | INFO | [epoch 2 it 250/1418]loss 56.5618 | imgs/s 4.2 | lr 0.000100
2025-08-17 00:52:05,432 | INFO | [epoch 2 it 300/1418]loss 58.6185 | imgs/s 4.2 | lr 0.000100
2025-08-17 00:52:54,123 | INFO | [epoch 2 it 350/1418]loss 46.1111 | imgs/s 4.2 | lr 0.000100
2025-08-17 00:53:40,889 | INFO | [epoch 2 it 400/1418]loss 40.8913 | imgs/s 4.2 | lr 0.000100
2025-08-17 00:54:27,895 | INFO | [epoch 2 it 450/1418]loss 54.8165 | imgs/s 4.2 | lr 0.000100
2025-08-17 00:55:16,186 | INFO | [epoch 2 it 500/1418]loss 59.7894 | imgs/s 4.2 | lr 0.000100
2025-08-17 00:56:02,337 | INFO | [epoch 2 it 550/1418]loss 52.7318 | imgs/s 4.2 | lr 0.000100
2025-08-17 00:56:48,523 | INFO | [epoch 2 it 600/1418]loss 61.3832 | imgs/s 4.2 | lr 0.000100
2025-08-17 00:57:36,404 | INFO | [epoch 2 it 650/1418]loss 56.9353 | imgs/s 4.2 | lr 0.000100
2025-08-17 00:58:21,663 | INFO | [epoch 2 it 700/1418]loss 57.7484 | imgs/s 4.2 | lr 0.000100
2025-08-17 00:59:08,268 | INFO | [epoch 2 it 750/1418]loss 63.4481 | imgs/s 4.2 | lr 0.000100
2025-08-17 00:59:54,021 | INFO | [epoch 2 it 800/1418]loss 43.3805 | imgs/s 4.2 | lr 0.000100
2025-08-17 01:00:39,224 | INFO | [epoch 2 it 850/1418]loss 56.9968 | imgs/s 4.2 | lr 0.000100
2025-08-17 01:01:25,109 | INFO | [epoch 2 it 900/1418]loss 38.1954 | imgs/s 4.3 | lr 0.000100
2025-08-17 01:02:13,719 | INFO | [epoch 2 it 950/1418]loss 40.1426 | imgs/s 4.2 | lr 0.000100
2025-08-17 01:03:00,641 | INFO | [epoch 2 it 1000/1418]loss 68.1538 | imgs/s 4.2 | lr 0.000100
2025-08-17 01:03:48,471 | INFO | [epoch 2 it 1050/1418]loss 56.2671 | imgs/s 4.2 | lr 0.000100
2025-08-17 01:04:35,508 | INFO | [epoch 2 it 1100/1418]loss 33.7991 | imgs/s 4.2 | lr 0.000100
2025-08-17 01:05:22,027 | INFO | [epoch 2 it 1150/1418]loss 57.9453 | imgs/s 4.2 | lr 0.000100
2025-08-17 01:06:09,009 | INFO | [epoch 2 it 1200/1418]loss 47.2773 | imgs/s 4.2 | lr 0.000100
2025-08-17 01:06:57,385 | INFO | [epoch 2 it 1250/1418]loss 87.1441 | imgs/s 4.2 | lr 0.000100
2025-08-17 01:07:43,810 | INFO | [epoch 2 it 1300/1418]loss 65.1292 | imgs/s 4.2 | lr 0.000100
2025-08-17 01:08:32,303 | INFO | [epoch 2 it 1350/1418]loss 54.3905 | imgs/s 4.2 | lr 0.000100
2025-08-17 01:09:20,781 | INFO | [epoch 2 it 1400/1418]loss 50.4053 | imgs/s 4.2 | lr 0.000100
2025-08-17 01:09:38,513 | INFO | [EPOCH 2] train_avg_loss=inf seen 5671/5671
2025-08-17 01:09:40,951 | INFO | saved checkpoint: last.pt
2025-08-17 01:10:29,713 | INFO | [epoch 3 it 50/1418]loss 64.2025 | imgs/s 4.1 | lr 0.000100
2025-08-17 01:11:15,211 | INFO | [epoch 3 it 100/1418]loss 32.9308 | imgs/s 4.2 | lr 0.000100
2025-08-17 01:12:01,531 | INFO | [epoch 3 it 150/1418]loss 42.3990 | imgs/s 4.3 | lr 0.000100
2025-08-17 01:12:49,667 | INFO | [epoch 3 it 200/1418]loss 59.0520 | imgs/s 4.2 | lr 0.000100
2025-08-17 01:13:36,746 | INFO | [epoch 3 it 250/1418]loss 52.9509 | imgs/s 4.2 | lr 0.000100
2025-08-17 01:14:23,223 | INFO | [epoch 3 it 300/1418]loss 60.4054 | imgs/s 4.3 | lr 0.000100
2025-08-17 01:15:10,377 | INFO | [epoch 3 it 350/1418]loss 40.5953 | imgs/s 4.2 | lr 0.000100
2025-08-17 01:15:58,322 | INFO | [epoch 3 it 400/1418]loss 50.0953 | imgs/s 4.2 | lr 0.000100
2025-08-17 01:17:29,285 | INFO | [epoch 3 it 450/1418]loss 51.3492 | imgs/s 3.8 | lr 0.000100
2025-08-17 01:18:55,566 | INFO | [epoch 3 it 500/1418]loss 57.5865 | imgs/s 3.6 | lr 0.000100
2025-08-17 01:20:29,009 | INFO | [epoch 3 it 550/1418]loss 37.4236 | imgs/s 3.4 | lr 0.000100
2025-08-17 01:21:50,751 | INFO | [epoch 3 it 600/1418]loss 68.0666 | imgs/s 3.3 | lr 0.000100
2025-08-17 01:23:13,797 | INFO | [epoch 3 it 650/1418]loss 53.7926 | imgs/s 3.2 | lr 0.000100
2025-08-17 01:24:38,118 | INFO | [epoch 3 it 700/1418]loss 52.9524 | imgs/s 3.1 | lr 0.000100
2025-08-17 01:25:55,572 | INFO | [epoch 3 it 750/1418]loss 49.6233 | imgs/s 3.1 | lr 0.000100
2025-08-17 01:26:49,399 | INFO | [epoch 3 it 800/1418]loss 57.1549 | imgs/s 3.1 | lr 0.000100
2025-08-17 01:27:37,681 | INFO | [epoch 3 it 850/1418]loss 48.1961 | imgs/s 3.2 | lr 0.000100
2025-08-17 01:28:28,348 | INFO | [epoch 3 it 900/1418]loss 48.5844 | imgs/s 3.2 | lr 0.000100
2025-08-17 01:29:16,719 | INFO | [epoch 3 it 950/1418]loss 69.7575 | imgs/s 3.2 | lr 0.000100
2025-08-17 01:30:03,534 | INFO | [epoch 3 it 1000/1418]loss 71.4447 | imgs/s 3.3 | lr 0.000100
2025-08-17 01:30:51,442 | INFO | [epoch 3 it 1050/1418]loss 46.2884 | imgs/s 3.3 | lr 0.000100
2025-08-17 01:31:42,913 | INFO | [epoch 3 it 1100/1418]loss 44.7648 | imgs/s 3.3 | lr 0.000100
2025-08-17 01:32:30,152 | INFO | [epoch 3 it 1150/1418]loss 40.2185 | imgs/s 3.4 | lr 0.000100
2025-08-17 01:33:16,385 | INFO | [epoch 3 it 1200/1418]loss 50.2445 | imgs/s 3.4 | lr 0.000100
2025-08-17 01:34:03,562 | INFO | [epoch 3 it 1250/1418]loss 31.8185 | imgs/s 3.4 | lr 0.000100
2025-08-17 01:34:52,183 | INFO | [epoch 3 it 1300/1418]loss 34.6536 | imgs/s 3.4 | lr 0.000100
2025-08-17 01:35:38,501 | INFO | [epoch 3 it 1350/1418]loss 49.9957 | imgs/s 3.5 | lr 0.000100
2025-08-17 01:36:24,735 | INFO | [epoch 3 it 1400/1418]loss 40.1840 | imgs/s 3.5 | lr 0.000100
2025-08-17 01:36:41,550 | INFO | [EPOCH 3] train_avg_loss=51.6876 seen 5671/5671
2025-08-17 01:36:44,365 | INFO | saved checkpoint: last.pt
2025-08-17 01:37:36,737 | INFO | [epoch 4 it 50/1418]loss 46.3978 | imgs/s 3.8 | lr 0.000100
2025-08-17 01:38:22,920 | INFO | [epoch 4 it 100/1418]loss 45.5480 | imgs/s 4.1 | lr 0.000100
2025-08-17 01:39:08,903 | INFO | [epoch 4 it 150/1418]loss 43.8650 | imgs/s 4.2 | lr 0.000100
2025-08-17 01:39:55,027 | INFO | [epoch 4 it 200/1418]loss 54.5316 | imgs/s 4.2 | lr 0.000100
2025-08-17 01:40:43,452 | INFO | [epoch 4 it 250/1418]loss 36.6160 | imgs/s 4.2 | lr 0.000100
2025-08-17 01:41:31,563 | INFO | [epoch 4 it 300/1418]loss 41.1617 | imgs/s 4.2 | lr 0.000100
2025-08-17 01:42:18,273 | INFO | [epoch 4 it 350/1418]loss 34.0812 | imgs/s 4.2 | lr 0.000100
2025-08-17 01:43:08,906 | INFO | [epoch 4 it 400/1418]loss 56.1921 | imgs/s 4.2 | lr 0.000100
2025-08-17 01:43:58,558 | INFO | [epoch 4 it 450/1418]loss 48.5387 | imgs/s 4.1 | lr 0.000100
2025-08-17 01:44:45,619 | INFO | [epoch 4 it 500/1418]loss 57.5498 | imgs/s 4.2 | lr 0.000100
2025-08-17 01:45:31,292 | INFO | [epoch 4 it 550/1418]loss 49.8045 | imgs/s 4.2 | lr 0.000100
2025-08-17 01:46:20,448 | INFO | [epoch 4 it 600/1418]loss 41.5249 | imgs/s 4.2 | lr 0.000100
2025-08-17 01:47:06,466 | INFO | [epoch 4 it 650/1418]loss 39.6628 | imgs/s 4.2 | lr 0.000100
2025-08-17 01:47:54,320 | INFO | [epoch 4 it 700/1418]loss 48.3332 | imgs/s 4.2 | lr 0.000100
2025-08-17 01:48:42,435 | INFO | [epoch 4 it 750/1418]loss 40.1154 | imgs/s 4.2 | lr 0.000100
2025-08-17 01:49:28,530 | INFO | [epoch 4 it 800/1418]loss 42.8046 | imgs/s 4.2 | lr 0.000100
2025-08-17 01:50:16,154 | INFO | [epoch 4 it 850/1418]loss 39.9862 | imgs/s 4.2 | lr 0.000100
2025-08-17 01:51:03,201 | INFO | [epoch 4 it 900/1418]loss 65.9220 | imgs/s 4.2 | lr 0.000100
2025-08-17 01:51:51,142 | INFO | [epoch 4 it 950/1418]loss 54.5378 | imgs/s 4.2 | lr 0.000100
2025-08-17 01:52:38,968 | INFO | [epoch 4 it 1000/1418]loss 54.5855 | imgs/s 4.2 | lr 0.000100
2025-08-17 01:53:28,097 | INFO | [epoch 4 it 1050/1418]loss 48.0311 | imgs/s 4.2 | lr 0.000100
2025-08-17 01:54:15,194 | INFO | [epoch 4 it 1100/1418]loss 35.0678 | imgs/s 4.2 | lr 0.000100
2025-08-17 01:55:00,594 | INFO | [epoch 4 it 1150/1418]loss 51.3120 | imgs/s 4.2 | lr 0.000100
2025-08-17 01:55:48,003 | INFO | [epoch 4 it 1200/1418]loss 52.1572 | imgs/s 4.2 | lr 0.000100
2025-08-17 01:56:33,492 | INFO | [epoch 4 it 1250/1418]loss 20.1353 | imgs/s 4.2 | lr 0.000100
2025-08-17 01:57:20,298 | INFO | [epoch 4 it 1300/1418]loss 43.4884 | imgs/s 4.2 | lr 0.000100
2025-08-17 01:58:08,396 | INFO | [epoch 4 it 1350/1418]loss 60.0608 | imgs/s 4.2 | lr 0.000100
2025-08-17 01:58:56,334 | INFO | [epoch 4 it 1400/1418]loss 51.7440 | imgs/s 4.2 | lr 0.000100
2025-08-17 01:59:13,923 | INFO | [EPOCH 4] train_avg_loss=48.4213 seen 5671/5671
2025-08-17 01:59:17,064 | INFO | saved checkpoint: last.pt
2025-08-17 02:00:07,680 | INFO | [epoch 5 it 50/1418]loss 41.4095 | imgs/s 4.0 | lr 0.000100
2025-08-17 02:00:54,960 | INFO | [epoch 5 it 100/1418]loss 43.6239 | imgs/s 4.1 | lr 0.000100
2025-08-17 02:01:43,078 | INFO | [epoch 5 it 150/1418]loss 38.9605 | imgs/s 4.1 | lr 0.000100
2025-08-17 02:02:29,378 | INFO | [epoch 5 it 200/1418]loss 63.7278 | imgs/s 4.2 | lr 0.000100
2025-08-17 02:03:16,359 | INFO | [epoch 5 it 250/1418]loss 39.2763 | imgs/s 4.2 | lr 0.000100
2025-08-17 02:04:03,080 | INFO | [epoch 5 it 300/1418]loss 50.7703 | imgs/s 4.2 | lr 0.000100
2025-08-17 02:04:49,590 | INFO | [epoch 5 it 350/1418]loss 41.3130 | imgs/s 4.2 | lr 0.000100
2025-08-17 02:05:41,648 | INFO | [epoch 5 it 400/1418]loss 76.8779 | imgs/s 4.2 | lr 0.000100
2025-08-17 02:06:27,721 | INFO | [epoch 5 it 450/1418]loss 45.1992 | imgs/s 4.2 | lr 0.000100
2025-08-17 02:07:15,122 | INFO | [epoch 5 it 500/1418]loss 19.9928 | imgs/s 4.2 | lr 0.000100
2025-08-17 02:08:02,506 | INFO | [epoch 5 it 550/1418]loss 43.9034 | imgs/s 4.2 | lr 0.000100
2025-08-17 02:08:48,987 | INFO | [epoch 5 it 600/1418]loss 41.8605 | imgs/s 4.2 | lr 0.000100
2025-08-17 02:09:35,918 | INFO | [epoch 5 it 650/1418]loss 56.9595 | imgs/s 4.2 | lr 0.000100
2025-08-17 02:10:22,209 | INFO | [epoch 5 it 700/1418]loss 61.4265 | imgs/s 4.2 | lr 0.000100
2025-08-17 02:11:09,437 | INFO | [epoch 5 it 750/1418]loss 59.0579 | imgs/s 4.2 | lr 0.000100
2025-08-17 02:11:55,853 | INFO | [epoch 5 it 800/1418]loss 39.1061 | imgs/s 4.2 | lr 0.000100
2025-08-17 02:12:43,577 | INFO | [epoch 5 it 850/1418]loss 42.4721 | imgs/s 4.2 | lr 0.000100
2025-08-17 02:13:31,248 | INFO | [epoch 5 it 900/1418]loss 35.1326 | imgs/s 4.2 | lr 0.000100
2025-08-17 02:14:17,902 | INFO | [epoch 5 it 950/1418]loss 35.1600 | imgs/s 4.2 | lr 0.000100
2025-08-17 02:15:03,306 | INFO | [epoch 5 it 1000/1418]loss 38.2197 | imgs/s 4.2 | lr 0.000100
2025-08-17 02:15:52,873 | INFO | [epoch 5 it 1050/1418]loss 52.7591 | imgs/s 4.2 | lr 0.000100
2025-08-17 02:16:39,889 | INFO | [epoch 5 it 1100/1418]loss 53.9792 | imgs/s 4.2 | lr 0.000100
2025-08-17 02:17:28,397 | INFO | [epoch 5 it 1150/1418]loss 46.1037 | imgs/s 4.2 | lr 0.000100
2025-08-17 02:18:14,282 | INFO | [epoch 5 it 1200/1418]loss 33.9340 | imgs/s 4.2 | lr 0.000100
2025-08-17 02:19:00,970 | INFO | [epoch 5 it 1250/1418]loss 61.9857 | imgs/s 4.2 | lr 0.000100
2025-08-17 02:19:49,548 | INFO | [epoch 5 it 1300/1418]loss 72.3924 | imgs/s 4.2 | lr 0.000100
2025-08-17 02:20:37,886 | INFO | [epoch 5 it 1350/1418]loss 50.0198 | imgs/s 4.2 | lr 0.000100
2025-08-17 02:21:24,419 | INFO | [epoch 5 it 1400/1418]loss 45.7853 | imgs/s 4.2 | lr 0.000100
2025-08-17 02:21:40,171 | INFO | [EPOCH 5] train_avg_loss=45.1350 seen 5671/5671
2025-08-17 02:21:43,394 | INFO | saved checkpoint: last.pt
2025-08-17 02:22:35,301 | INFO | [epoch 6 it 50/1418]loss 50.1361 | imgs/s 3.9 | lr 0.000100
2025-08-17 02:23:20,456 | INFO | [epoch 6 it 100/1418]loss 39.9556 | imgs/s 4.1 | lr 0.000100
2025-08-17 02:24:07,958 | INFO | [epoch 6 it 150/1418]loss 47.5045 | imgs/s 4.2 | lr 0.000100
2025-08-17 02:24:56,375 | INFO | [epoch 6 it 200/1418]loss 34.9423 | imgs/s 4.1 | lr 0.000100
2025-08-17 02:25:43,022 | INFO | [epoch 6 it 250/1418]loss 42.6484 | imgs/s 4.2 | lr 0.000100
2025-08-17 02:26:28,082 | INFO | [epoch 6 it 300/1418]loss 37.6476 | imgs/s 4.2 | lr 0.000100
2025-08-17 02:27:18,441 | INFO | [epoch 6 it 350/1418]loss 37.0393 | imgs/s 4.2 | lr 0.000100
2025-08-17 02:28:03,921 | INFO | [epoch 6 it 400/1418]loss 30.9294 | imgs/s 4.2 | lr 0.000100
2025-08-17 02:28:51,777 | INFO | [epoch 6 it 450/1418]loss 39.1615 | imgs/s 4.2 | lr 0.000100
2025-08-17 02:29:38,993 | INFO | [epoch 6 it 500/1418]loss 28.9242 | imgs/s 4.2 | lr 0.000100
2025-08-17 02:30:27,510 | INFO | [epoch 6 it 550/1418]loss 36.7076 | imgs/s 4.2 | lr 0.000100
2025-08-17 02:31:14,336 | INFO | [epoch 6 it 600/1418]loss 30.0264 | imgs/s 4.2 | lr 0.000100
2025-08-17 02:32:02,910 | INFO | [epoch 6 it 650/1418]loss 60.9671 | imgs/s 4.2 | lr 0.000100
2025-08-17 02:32:50,764 | INFO | [epoch 6 it 700/1418]loss 46.9659 | imgs/s 4.2 | lr 0.000100
2025-08-17 02:33:40,409 | INFO | [epoch 6 it 750/1418]loss 46.1965 | imgs/s 4.2 | lr 0.000100
2025-08-17 02:34:39,275 | INFO | [epoch 6 it 800/1418]loss 38.3742 | imgs/s 4.1 | lr 0.000100
2025-08-17 02:35:35,157 | INFO | [epoch 6 it 850/1418]loss 44.6860 | imgs/s 4.1 | lr 0.000100
2025-08-17 02:36:22,289 | INFO | [epoch 6 it 900/1418]loss 54.1499 | imgs/s 4.1 | lr 0.000100
2025-08-17 02:37:10,739 | INFO | [epoch 6 it 950/1418]loss 45.5247 | imgs/s 4.1 | lr 0.000100
2025-08-17 02:38:00,027 | INFO | [epoch 6 it 1000/1418]loss 36.1171 | imgs/s 4.1 | lr 0.000100
2025-08-17 02:38:46,919 | INFO | [epoch 6 it 1050/1418]loss 48.1041 | imgs/s 4.1 | lr 0.000100
2025-08-17 02:39:32,889 | INFO | [epoch 6 it 1100/1418]loss 35.7972 | imgs/s 4.1 | lr 0.000100
2025-08-17 02:40:20,863 | INFO | [epoch 6 it 1150/1418]loss 42.2199 | imgs/s 4.1 | lr 0.000100
2025-08-17 02:41:11,041 | INFO | [epoch 6 it 1200/1418]loss 46.3728 | imgs/s 4.1 | lr 0.000100
2025-08-17 02:41:57,602 | INFO | [epoch 6 it 1250/1418]loss 61.6538 | imgs/s 4.1 | lr 0.000100
2025-08-17 02:42:45,539 | INFO | [epoch 6 it 1300/1418]loss 59.4509 | imgs/s 4.1 | lr 0.000100
2025-08-17 02:43:32,733 | INFO | [epoch 6 it 1350/1418]loss 44.0134 | imgs/s 4.1 | lr 0.000100
2025-08-17 02:44:17,323 | INFO | [epoch 6 it 1400/1418]loss 40.4061 | imgs/s 4.1 | lr 0.000100
2025-08-17 02:44:33,344 | INFO | [EPOCH 6] train_avg_loss=41.6300 seen 5671/5671
2025-08-17 02:44:35,787 | INFO | saved checkpoint: last.pt
2025-08-17 02:45:25,670 | INFO | [epoch 7 it 50/1418]loss 47.4012 | imgs/s 4.0 | lr 0.000100
2025-08-17 02:46:11,979 | INFO | [epoch 7 it 100/1418]loss 44.1759 | imgs/s 4.2 | lr 0.000100
2025-08-17 02:47:00,206 | INFO | [epoch 7 it 150/1418]loss 36.9087 | imgs/s 4.2 | lr 0.000100
2025-08-17 02:47:48,986 | INFO | [epoch 7 it 200/1418]loss 24.5274 | imgs/s 4.1 | lr 0.000100
2025-08-17 02:48:37,110 | INFO | [epoch 7 it 250/1418]loss 35.1067 | imgs/s 4.1 | lr 0.000100
2025-08-17 02:49:34,262 | INFO | [epoch 7 it 300/1418]loss 36.1096 | imgs/s 4.0 | lr 0.000100
2025-08-17 02:50:26,034 | INFO | [epoch 7 it 350/1418]loss 46.3449 | imgs/s 4.0 | lr 0.000100
2025-08-17 02:51:14,189 | INFO | [epoch 7 it 400/1418]loss 41.0998 | imgs/s 4.0 | lr 0.000100
2025-08-17 02:52:00,462 | INFO | [epoch 7 it 450/1418]loss 30.0819 | imgs/s 4.0 | lr 0.000100
2025-08-17 02:52:47,992 | INFO | [epoch 7 it 500/1418]loss 38.2524 | imgs/s 4.1 | lr 0.000100
2025-08-17 02:53:34,256 | INFO | [epoch 7 it 550/1418]loss 42.4989 | imgs/s 4.1 | lr 0.000100
2025-08-17 02:54:21,658 | INFO | [epoch 7 it 600/1418]loss 30.2054 | imgs/s 4.1 | lr 0.000100
2025-08-17 02:55:09,766 | INFO | [epoch 7 it 650/1418]loss 41.9778 | imgs/s 4.1 | lr 0.000100
2025-08-17 02:55:55,873 | INFO | [epoch 7 it 700/1418]loss 23.8040 | imgs/s 4.1 | lr 0.000100
2025-08-17 02:56:44,385 | INFO | [epoch 7 it 750/1418]loss 25.5149 | imgs/s 4.1 | lr 0.000100
2025-08-17 02:57:31,635 | INFO | [epoch 7 it 800/1418]loss 53.4951 | imgs/s 4.1 | lr 0.000100
2025-08-17 02:58:19,088 | INFO | [epoch 7 it 850/1418]loss 57.5716 | imgs/s 4.1 | lr 0.000100
2025-08-17 02:59:07,027 | INFO | [epoch 7 it 900/1418]loss 26.3095 | imgs/s 4.1 | lr 0.000100
2025-08-17 02:59:54,251 | INFO | [epoch 7 it 950/1418]loss 35.5447 | imgs/s 4.1 | lr 0.000100
2025-08-17 03:00:41,403 | INFO | [epoch 7 it 1000/1418]loss 18.8063 | imgs/s 4.1 | lr 0.000100
2025-08-17 03:01:29,321 | INFO | [epoch 7 it 1050/1418]loss 33.9342 | imgs/s 4.1 | lr 0.000100
2025-08-17 03:02:15,947 | INFO | [epoch 7 it 1100/1418]loss 47.6056 | imgs/s 4.2 | lr 0.000100
2025-08-17 03:03:03,493 | INFO | [epoch 7 it 1150/1418]loss 46.9477 | imgs/s 4.2 | lr 0.000100
2025-08-17 03:03:50,213 | INFO | [epoch 7 it 1200/1418]loss 24.5220 | imgs/s 4.2 | lr 0.000100
2025-08-17 03:04:38,415 | INFO | [epoch 7 it 1250/1418]loss 23.3001 | imgs/s 4.2 | lr 0.000100
2025-08-17 03:05:27,096 | INFO | [epoch 7 it 1300/1418]loss 38.1989 | imgs/s 4.2 | lr 0.000100
2025-08-17 03:06:13,963 | INFO | [epoch 7 it 1350/1418]loss 35.2973 | imgs/s 4.2 | lr 0.000100
2025-08-17 03:07:01,132 | INFO | [epoch 7 it 1400/1418]loss 39.2647 | imgs/s 4.2 | lr 0.000100
2025-08-17 03:07:18,348 | INFO | [EPOCH 7] train_avg_loss=38.1325 seen 5671/5671
2025-08-17 03:07:21,898 | INFO | saved checkpoint: last.pt
2025-08-17 03:08:15,290 | INFO | [epoch 8 it 50/1418]loss 32.4704 | imgs/s 3.7 | lr 0.000100
2025-08-17 03:09:05,369 | INFO | [epoch 8 it 100/1418]loss 22.9959 | imgs/s 3.9 | lr 0.000100
2025-08-17 03:09:51,963 | INFO | [epoch 8 it 150/1418]loss 38.6720 | imgs/s 4.0 | lr 0.000100
2025-08-17 03:10:46,255 | INFO | [epoch 8 it 200/1418]loss 58.2595 | imgs/s 3.9 | lr 0.000100
2025-08-17 03:11:41,013 | INFO | [epoch 8 it 250/1418]loss 25.5404 | imgs/s 3.9 | lr 0.000100
2025-08-17 03:12:32,813 | INFO | [epoch 8 it 300/1418]loss 26.3830 | imgs/s 3.9 | lr 0.000100
2025-08-17 03:13:21,155 | INFO | [epoch 8 it 350/1418]loss 49.9011 | imgs/s 3.9 | lr 0.000100
2025-08-17 03:14:09,703 | INFO | [epoch 8 it 400/1418]loss 18.7380 | imgs/s 3.9 | lr 0.000100
2025-08-17 03:14:56,708 | INFO | [epoch 8 it 450/1418]loss 30.0675 | imgs/s 4.0 | lr 0.000100
2025-08-17 03:15:44,473 | INFO | [epoch 8 it 500/1418]loss 36.4867 | imgs/s 4.0 | lr 0.000100
2025-08-17 03:16:31,684 | INFO | [epoch 8 it 550/1418]loss 24.5581 | imgs/s 4.0 | lr 0.000100
2025-08-17 03:17:16,989 | INFO | [epoch 8 it 600/1418]loss 47.4975 | imgs/s 4.0 | lr 0.000100
2025-08-17 03:18:04,383 | INFO | [epoch 8 it 650/1418]loss 46.3571 | imgs/s 4.0 | lr 0.000100
2025-08-17 03:18:50,558 | INFO | [epoch 8 it 700/1418]loss 40.6149 | imgs/s 4.1 | lr 0.000100
2025-08-17 03:19:37,169 | INFO | [epoch 8 it 750/1418]loss 34.7116 | imgs/s 4.1 | lr 0.000100
2025-08-17 03:20:25,232 | INFO | [epoch 8 it 800/1418]loss 51.0717 | imgs/s 4.1 | lr 0.000100
2025-08-17 03:21:12,750 | INFO | [epoch 8 it 850/1418]loss 33.6210 | imgs/s 4.1 | lr 0.000100
2025-08-17 03:21:59,033 | INFO | [epoch 8 it 900/1418]loss 24.6486 | imgs/s 4.1 | lr 0.000100
2025-08-17 03:22:46,739 | INFO | [epoch 8 it 950/1418]loss 39.5591 | imgs/s 4.1 | lr 0.000100
2025-08-17 03:23:35,950 | INFO | [epoch 8 it 1000/1418]loss 25.7814 | imgs/s 4.1 | lr 0.000100
2025-08-17 03:24:23,242 | INFO | [epoch 8 it 1050/1418]loss 31.6634 | imgs/s 4.1 | lr 0.000100
2025-08-17 03:25:11,084 | INFO | [epoch 8 it 1100/1418]loss 28.9818 | imgs/s 4.1 | lr 0.000100
2025-08-17 03:25:58,184 | INFO | [epoch 8 it 1150/1418]loss 17.3902 | imgs/s 4.1 | lr 0.000100
2025-08-17 03:26:45,881 | INFO | [epoch 8 it 1200/1418]loss 32.1329 | imgs/s 4.1 | lr 0.000100
2025-08-17 03:27:33,289 | INFO | [epoch 8 it 1250/1418]loss 42.4013 | imgs/s 4.1 | lr 0.000100
2025-08-17 03:28:22,573 | INFO | [epoch 8 it 1300/1418]loss 29.0017 | imgs/s 4.1 | lr 0.000100
2025-08-17 03:29:10,017 | INFO | [epoch 8 it 1350/1418]loss 31.8327 | imgs/s 4.1 | lr 0.000100
2025-08-17 03:29:56,166 | INFO | [epoch 8 it 1400/1418]loss 34.8721 | imgs/s 4.1 | lr 0.000100
2025-08-17 03:30:12,784 | INFO | [EPOCH 8] train_avg_loss=35.0951 seen 5671/5671
2025-08-17 03:30:16,050 | INFO | saved checkpoint: last.pt
2025-08-17 03:31:09,196 | INFO | [epoch 9 it 50/1418]loss 34.4330 | imgs/s 3.8 | lr 0.000100
2025-08-17 03:31:57,261 | INFO | [epoch 9 it 100/1418]loss 29.8345 | imgs/s 4.0 | lr 0.000100
2025-08-17 03:32:45,821 | INFO | [epoch 9 it 150/1418]loss 48.1888 | imgs/s 4.0 | lr 0.000100
2025-08-17 03:33:32,905 | INFO | [epoch 9 it 200/1418]loss 27.2697 | imgs/s 4.1 | lr 0.000100
2025-08-17 03:34:19,306 | INFO | [epoch 9 it 250/1418]loss 20.4428 | imgs/s 4.1 | lr 0.000100
2025-08-17 03:35:06,907 | INFO | [epoch 9 it 300/1418]loss 32.7895 | imgs/s 4.1 | lr 0.000100
2025-08-17 03:35:52,668 | INFO | [epoch 9 it 350/1418]loss 48.9556 | imgs/s 4.2 | lr 0.000100
2025-08-17 03:36:39,498 | INFO | [epoch 9 it 400/1418]loss 38.7397 | imgs/s 4.2 | lr 0.000100
2025-08-17 03:37:27,635 | INFO | [epoch 9 it 450/1418]loss 32.8883 | imgs/s 4.2 | lr 0.000100
2025-08-17 03:38:14,528 | INFO | [epoch 9 it 500/1418]loss 36.2655 | imgs/s 4.2 | lr 0.000100
2025-08-17 03:39:01,361 | INFO | [epoch 9 it 550/1418]loss 28.4527 | imgs/s 4.2 | lr 0.000100
2025-08-17 03:39:47,923 | INFO | [epoch 9 it 600/1418]loss 26.3331 | imgs/s 4.2 | lr 0.000100
2025-08-17 03:40:35,894 | INFO | [epoch 9 it 650/1418]loss 22.6952 | imgs/s 4.2 | lr 0.000100
2025-08-17 03:41:25,058 | INFO | [epoch 9 it 700/1418]loss 33.5353 | imgs/s 4.2 | lr 0.000100
2025-08-17 03:42:12,395 | INFO | [epoch 9 it 750/1418]loss 39.2320 | imgs/s 4.2 | lr 0.000100
2025-08-17 03:42:58,697 | INFO | [epoch 9 it 800/1418]loss 23.4158 | imgs/s 4.2 | lr 0.000100
2025-08-17 03:43:46,232 | INFO | [epoch 9 it 850/1418]loss 14.3928 | imgs/s 4.2 | lr 0.000100
2025-08-17 03:44:35,121 | INFO | [epoch 9 it 900/1418]loss 27.8014 | imgs/s 4.2 | lr 0.000100
2025-08-17 03:45:23,863 | INFO | [epoch 9 it 950/1418]loss 35.6943 | imgs/s 4.2 | lr 0.000100
2025-08-17 03:46:12,534 | INFO | [epoch 9 it 1000/1418]loss 61.9888 | imgs/s 4.2 | lr 0.000100
2025-08-17 03:47:00,379 | INFO | [epoch 9 it 1050/1418]loss 41.4859 | imgs/s 4.2 | lr 0.000100
2025-08-17 03:47:48,105 | INFO | [epoch 9 it 1100/1418]loss 33.7745 | imgs/s 4.2 | lr 0.000100
2025-08-17 03:48:34,742 | INFO | [epoch 9 it 1150/1418]loss 21.7283 | imgs/s 4.2 | lr 0.000100
2025-08-17 03:49:21,132 | INFO | [epoch 9 it 1200/1418]loss 39.8393 | imgs/s 4.2 | lr 0.000100
2025-08-17 03:50:07,845 | INFO | [epoch 9 it 1250/1418]loss 27.0393 | imgs/s 4.2 | lr 0.000100
2025-08-17 03:50:55,259 | INFO | [epoch 9 it 1300/1418]loss 35.3504 | imgs/s 4.2 | lr 0.000100
2025-08-17 03:51:43,511 | INFO | [epoch 9 it 1350/1418]loss 32.6345 | imgs/s 4.2 | lr 0.000100
2025-08-17 03:52:30,612 | INFO | [epoch 9 it 1400/1418]loss 23.3661 | imgs/s 4.2 | lr 0.000100
2025-08-17 03:52:47,353 | INFO | [EPOCH 9] train_avg_loss=32.5552 seen 5671/5671
2025-08-17 03:52:49,855 | INFO | saved checkpoint: last.pt
2025-08-17 03:53:38,701 | INFO | [epoch 10 it 50/1418]loss 22.7660 | imgs/s 4.1 | lr 0.000100
2025-08-17 03:54:25,757 | INFO | [epoch 10 it 100/1418]loss 37.1452 | imgs/s 4.2 | lr 0.000100
2025-08-17 03:55:13,697 | INFO | [epoch 10 it 150/1418]loss 22.1902 | imgs/s 4.2 | lr 0.000100
2025-08-17 03:56:00,208 | INFO | [epoch 10 it 200/1418]loss 29.2309 | imgs/s 4.2 | lr 0.000100
2025-08-17 03:56:46,539 | INFO | [epoch 10 it 250/1418]loss 30.2697 | imgs/s 4.2 | lr 0.000100
2025-08-17 03:57:35,379 | INFO | [epoch 10 it 300/1418]loss 40.3120 | imgs/s 4.2 | lr 0.000100
2025-08-17 03:58:21,889 | INFO | [epoch 10 it 350/1418]loss 51.6153 | imgs/s 4.2 | lr 0.000100
2025-08-17 03:59:10,012 | INFO | [epoch 10 it 400/1418]loss 17.7090 | imgs/s 4.2 | lr 0.000100
2025-08-17 03:59:58,334 | INFO | [epoch 10 it 450/1418]loss 26.4141 | imgs/s 4.2 | lr 0.000100
2025-08-17 04:00:45,032 | INFO | [epoch 10 it 500/1418]loss 20.5690 | imgs/s 4.2 | lr 0.000100
2025-08-17 04:01:31,354 | INFO | [epoch 10 it 550/1418]loss 38.5162 | imgs/s 4.2 | lr 0.000100
2025-08-17 04:02:19,559 | INFO | [epoch 10 it 600/1418]loss 34.6617 | imgs/s 4.2 | lr 0.000100
2025-08-17 04:03:06,869 | INFO | [epoch 10 it 650/1418]loss 11.6016 | imgs/s 4.2 | lr 0.000100
2025-08-17 04:03:54,307 | INFO | [epoch 10 it 700/1418]loss 24.0316 | imgs/s 4.2 | lr 0.000100
2025-08-17 04:04:42,872 | INFO | [epoch 10 it 750/1418]loss 33.1193 | imgs/s 4.2 | lr 0.000100
2025-08-17 04:05:28,930 | INFO | [epoch 10 it 800/1418]loss 15.4050 | imgs/s 4.2 | lr 0.000100
2025-08-17 04:06:16,832 | INFO | [epoch 10 it 850/1418]loss 27.9321 | imgs/s 4.2 | lr 0.000100
2025-08-17 04:07:02,390 | INFO | [epoch 10 it 900/1418]loss 27.1878 | imgs/s 4.2 | lr 0.000100
2025-08-17 04:07:48,885 | INFO | [epoch 10 it 950/1418]loss 22.7405 | imgs/s 4.2 | lr 0.000100
2025-08-17 04:08:36,979 | INFO | [epoch 10 it 1000/1418]loss 19.5231 | imgs/s 4.2 | lr 0.000100
2025-08-17 04:09:23,368 | INFO | [epoch 10 it 1050/1418]loss 34.2447 | imgs/s 4.2 | lr 0.000100
2025-08-17 04:10:10,835 | INFO | [epoch 10 it 1100/1418]loss 42.1043 | imgs/s 4.2 | lr 0.000100
2025-08-17 04:10:58,589 | INFO | [epoch 10 it 1150/1418]loss 40.3485 | imgs/s 4.2 | lr 0.000100
2025-08-17 04:11:46,086 | INFO | [epoch 10 it 1200/1418]loss 29.7142 | imgs/s 4.2 | lr 0.000100
2025-08-17 04:12:32,871 | INFO | [epoch 10 it 1250/1418]loss 25.4458 | imgs/s 4.2 | lr 0.000100
2025-08-17 04:13:21,310 | INFO | [epoch 10 it 1300/1418]loss 29.2197 | imgs/s 4.2 | lr 0.000100
2025-08-17 04:14:07,678 | INFO | [epoch 10 it 1350/1418]loss 40.8825 | imgs/s 4.2 | lr 0.000100
2025-08-17 04:14:56,630 | INFO | [epoch 10 it 1400/1418]loss 22.8603 | imgs/s 4.2 | lr 0.000100
2025-08-17 04:15:12,820 | INFO | [EPOCH 10] train_avg_loss=30.3211 seen 5671/5671
2025-08-17 04:15:15,242 | INFO | saved checkpoint: last.pt
2025-08-17 04:15:15,242 | INFO | Training complete. Final model saved to 'last.pth'.
